{"C:\\Users\\Yusuf\\Desktop\\HedefimBugun\\src\\components\\AnimatedCheckmark.tsx": {"path":"C:\\Users\\Yusuf\\Desktop\\HedefimBugun\\src\\components\\AnimatedCheckmark.tsx","statementMap":{"0":{"start":{"line":5,"column":21},"end":{"line":5,"column":59}},"1":{"start":{"line":14,"column":67},"end":{"line":53,"column":1}},"2":{"start":{"line":20,"column":19},"end":{"line":20,"column":56}},"3":{"start":{"line":22,"column":2},"end":{"line":29,"column":17}},"4":{"start":{"line":23,"column":4},"end":{"line":28,"column":15}},"5":{"start":{"line":33,"column":21},"end":{"line":33,"column":23}},"6":{"start":{"line":35,"column":27},"end":{"line":38,"column":4}},"7":{"start":{"line":40,"column":2},"end":{"line":52,"column":4}}},"fnMap":{"0":{"name":"(anonymous_0)","decl":{"start":{"line":14,"column":67},"end":{"line":14,"column":68}},"loc":{"start":{"line":19,"column":6},"end":{"line":53,"column":1}},"line":19},"1":{"name":"(anonymous_1)","decl":{"start":{"line":22,"column":12},"end":{"line":22,"column":13}},"loc":{"start":{"line":22,"column":18},"end":{"line":29,"column":3}},"line":22}},"branchMap":{"0":{"loc":{"start":{"line":15,"column":2},"end":{"line":15,"column":11}},"type":"default-arg","locations":[{"start":{"line":15,"column":9},"end":{"line":15,"column":11}}],"line":15},"1":{"loc":{"start":{"line":16,"column":2},"end":{"line":16,"column":17}},"type":"default-arg","locations":[{"start":{"line":16,"column":10},"end":{"line":16,"column":17}}],"line":16},"2":{"loc":{"start":{"line":17,"column":2},"end":{"line":17,"column":16}},"type":"default-arg","locations":[{"start":{"line":17,"column":13},"end":{"line":17,"column":16}}],"line":17},"3":{"loc":{"start":{"line":18,"column":2},"end":{"line":18,"column":17}},"type":"default-arg","locations":[{"start":{"line":18,"column":16},"end":{"line":18,"column":17}}],"line":18}},"s":{"0":0,"1":0,"2":0,"3":0,"4":0,"5":0,"6":0,"7":0},"f":{"0":0,"1":0},"b":{"0":[0],"1":[0],"2":[0],"3":[0]}}
,"C:\\Users\\Yusuf\\Desktop\\HedefimBugun\\src\\components\\ErrorBoundary.tsx": {"path":"C:\\Users\\Yusuf\\Desktop\\HedefimBugun\\src\\components\\ErrorBoundary.tsx","statementMap":{"0":{"start":{"line":18,"column":4},"end":{"line":18,"column":17}},"1":{"start":{"line":19,"column":4},"end":{"line":19,"column":50}},"2":{"start":{"line":23,"column":4},"end":{"line":23,"column":37}},"3":{"start":{"line":27,"column":4},"end":{"line":27,"column":77}},"4":{"start":{"line":28,"column":4},"end":{"line":28,"column":94}},"5":{"start":{"line":31,"column":18},"end":{"line":35,"column":3}},"6":{"start":{"line":34,"column":6},"end":{"line":34,"column":54}},"7":{"start":{"line":38,"column":4},"end":{"line":61,"column":5}},"8":{"start":{"line":39,"column":6},"end":{"line":60,"column":8}},"9":{"start":{"line":63,"column":4},"end":{"line":63,"column":31}},"10":{"start":{"line":67,"column":15},"end":{"line":125,"column":2}}},"fnMap":{"0":{"name":"(anonymous_0)","decl":{"start":{"line":17,"column":2},"end":{"line":17,"column":3}},"loc":{"start":{"line":17,"column":28},"end":{"line":20,"column":3}},"line":17},"1":{"name":"(anonymous_1)","decl":{"start":{"line":22,"column":2},"end":{"line":22,"column":3}},"loc":{"start":{"line":22,"column":55},"end":{"line":24,"column":3}},"line":22},"2":{"name":"(anonymous_2)","decl":{"start":{"line":26,"column":2},"end":{"line":26,"column":3}},"loc":{"start":{"line":26,"column":56},"end":{"line":29,"column":3}},"line":26},"3":{"name":"(anonymous_3)","decl":{"start":{"line":31,"column":18},"end":{"line":31,"column":19}},"loc":{"start":{"line":31,"column":24},"end":{"line":35,"column":3}},"line":31},"4":{"name":"(anonymous_4)","decl":{"start":{"line":37,"column":2},"end":{"line":37,"column":3}},"loc":{"start":{"line":37,"column":11},"end":{"line":64,"column":3}},"line":37}},"branchMap":{"0":{"loc":{"start":{"line":38,"column":4},"end":{"line":61,"column":5}},"type":"if","locations":[{"start":{"line":38,"column":4},"end":{"line":61,"column":5}},{"start":{},"end":{}}],"line":38}},"s":{"0":0,"1":0,"2":0,"3":0,"4":0,"5":0,"6":0,"7":0,"8":0,"9":0,"10":0},"f":{"0":0,"1":0,"2":0,"3":0,"4":0},"b":{"0":[0,0]}}
,"C:\\Users\\Yusuf\\Desktop\\HedefimBugun\\src\\components\\ExamCountdownWidget.tsx": {"path":"C:\\Users\\Yusuf\\Desktop\\HedefimBugun\\src\\components\\ExamCountdownWidget.tsx","statementMap":{"0":{"start":{"line":8,"column":18},"end":{"line":8,"column":42}},"1":{"start":{"line":23,"column":35},"end":{"line":122,"column":2}},"2":{"start":{"line":24,"column":19},"end":{"line":24,"column":42}},"3":{"start":{"line":25,"column":55},"end":{"line":25,"column":63}},"4":{"start":{"line":27,"column":20},"end":{"line":27,"column":51}},"5":{"start":{"line":30,"column":20},"end":{"line":30,"column":23}},"6":{"start":{"line":31,"column":19},"end":{"line":31,"column":23}},"7":{"start":{"line":32,"column":19},"end":{"line":32,"column":75}},"8":{"start":{"line":33,"column":17},"end":{"line":33,"column":19}},"9":{"start":{"line":34,"column":22},"end":{"line":34,"column":24}},"10":{"start":{"line":35,"column":24},"end":{"line":35,"column":44}},"11":{"start":{"line":36,"column":27},"end":{"line":36,"column":95}},"12":{"start":{"line":37,"column":24},"end":{"line":44,"column":3}},"13":{"start":{"line":38,"column":4},"end":{"line":38,"column":68}},"14":{"start":{"line":38,"column":19},"end":{"line":38,"column":68}},"15":{"start":{"line":39,"column":4},"end":{"line":39,"column":84}},"16":{"start":{"line":39,"column":34},"end":{"line":39,"column":84}},"17":{"start":{"line":40,"column":4},"end":{"line":40,"column":69}},"18":{"start":{"line":40,"column":20},"end":{"line":40,"column":69}},"19":{"start":{"line":41,"column":4},"end":{"line":41,"column":59}},"20":{"start":{"line":41,"column":19},"end":{"line":41,"column":59}},"21":{"start":{"line":42,"column":4},"end":{"line":42,"column":53}},"22":{"start":{"line":42,"column":20},"end":{"line":42,"column":53}},"23":{"start":{"line":43,"column":4},"end":{"line":43,"column":57}},"24":{"start":{"line":45,"column":2},"end":{"line":121,"column":4}},"25":{"start":{"line":124,"column":15},"end":{"line":265,"column":2}}},"fnMap":{"0":{"name":"(anonymous_0)","decl":{"start":{"line":23,"column":46},"end":{"line":23,"column":47}},"loc":{"start":{"line":23,"column":119},"end":{"line":122,"column":1}},"line":23},"1":{"name":"(anonymous_1)","decl":{"start":{"line":37,"column":24},"end":{"line":37,"column":25}},"loc":{"start":{"line":37,"column":30},"end":{"line":44,"column":3}},"line":37}},"branchMap":{"0":{"loc":{"start":{"line":27,"column":20},"end":{"line":27,"column":51}},"type":"binary-expr","locations":[{"start":{"line":27,"column":20},"end":{"line":27,"column":30}},{"start":{"line":27,"column":34},"end":{"line":27,"column":51}}],"line":27},"1":{"loc":{"start":{"line":38,"column":4},"end":{"line":38,"column":68}},"type":"if","locations":[{"start":{"line":38,"column":4},"end":{"line":38,"column":68}},{"start":{},"end":{}}],"line":38},"2":{"loc":{"start":{"line":39,"column":4},"end":{"line":39,"column":84}},"type":"if","locations":[{"start":{"line":39,"column":4},"end":{"line":39,"column":84}},{"start":{},"end":{}}],"line":39},"3":{"loc":{"start":{"line":39,"column":8},"end":{"line":39,"column":32}},"type":"binary-expr","locations":[{"start":{"line":39,"column":8},"end":{"line":39,"column":18}},{"start":{"line":39,"column":22},"end":{"line":39,"column":32}}],"line":39},"4":{"loc":{"start":{"line":40,"column":4},"end":{"line":40,"column":69}},"type":"if","locations":[{"start":{"line":40,"column":4},"end":{"line":40,"column":69}},{"start":{},"end":{}}],"line":40},"5":{"loc":{"start":{"line":41,"column":4},"end":{"line":41,"column":59}},"type":"if","locations":[{"start":{"line":41,"column":4},"end":{"line":41,"column":59}},{"start":{},"end":{}}],"line":41},"6":{"loc":{"start":{"line":42,"column":4},"end":{"line":42,"column":53}},"type":"if","locations":[{"start":{"line":42,"column":4},"end":{"line":42,"column":53}},{"start":{},"end":{}}],"line":42},"7":{"loc":{"start":{"line":49,"column":63},"end":{"line":49,"column":104}},"type":"cond-expr","locations":[{"start":{"line":49,"column":75},"end":{"line":49,"column":92}},{"start":{"line":49,"column":95},"end":{"line":49,"column":104}}],"line":49},"8":{"loc":{"start":{"line":52,"column":25},"end":{"line":52,"column":85}},"type":"cond-expr","locations":[{"start":{"line":52,"column":37},"end":{"line":52,"column":47}},{"start":{"line":52,"column":50},"end":{"line":52,"column":85}}],"line":52},"9":{"loc":{"start":{"line":52,"column":50},"end":{"line":52,"column":85}},"type":"cond-expr","locations":[{"start":{"line":52,"column":63},"end":{"line":52,"column":70}},{"start":{"line":52,"column":73},"end":{"line":52,"column":85}}],"line":52},"10":{"loc":{"start":{"line":71,"column":59},"end":{"line":71,"column":100}},"type":"cond-expr","locations":[{"start":{"line":71,"column":71},"end":{"line":71,"column":88}},{"start":{"line":71,"column":91},"end":{"line":71,"column":100}}],"line":71},"11":{"loc":{"start":{"line":76,"column":80},"end":{"line":76,"column":102}},"type":"cond-expr","locations":[{"start":{"line":76,"column":92},"end":{"line":76,"column":95}},{"start":{"line":76,"column":98},"end":{"line":76,"column":102}}],"line":76},"12":{"loc":{"start":{"line":112,"column":18},"end":{"line":116,"column":18}},"type":"cond-expr","locations":[{"start":{"line":113,"column":21},"end":{"line":113,"column":116}},{"start":{"line":115,"column":21},"end":{"line":115,"column":117}}],"line":112}},"s":{"0":0,"1":0,"2":0,"3":0,"4":0,"5":0,"6":0,"7":0,"8":0,"9":0,"10":0,"11":0,"12":0,"13":0,"14":0,"15":0,"16":0,"17":0,"18":0,"19":0,"20":0,"21":0,"22":0,"23":0,"24":0,"25":0},"f":{"0":0,"1":0},"b":{"0":[0,0],"1":[0,0],"2":[0,0],"3":[0,0],"4":[0,0],"5":[0,0],"6":[0,0],"7":[0,0],"8":[0,0],"9":[0,0],"10":[0,0],"11":[0,0],"12":[0,0]}}
,"C:\\Users\\Yusuf\\Desktop\\HedefimBugun\\src\\components\\HabitItem.tsx": {"path":"C:\\Users\\Yusuf\\Desktop\\HedefimBugun\\src\\components\\HabitItem.tsx","statementMap":{"0":{"start":{"line":17,"column":25},"end":{"line":132,"column":2}},"1":{"start":{"line":18,"column":21},"end":{"line":18,"column":41}},"2":{"start":{"line":19,"column":32},"end":{"line":19,"column":43}},"3":{"start":{"line":21,"column":19},"end":{"line":24,"column":3}},"4":{"start":{"line":22,"column":4},"end":{"line":22,"column":78}},"5":{"start":{"line":22,"column":31},"end":{"line":22,"column":54}},"6":{"start":{"line":26,"column":24},"end":{"line":26,"column":105}},"7":{"start":{"line":28,"column":23},"end":{"line":28,"column":84}},"8":{"start":{"line":30,"column":2},"end":{"line":36,"column":20}},"9":{"start":{"line":31,"column":4},"end":{"line":35,"column":15}},"10":{"start":{"line":38,"column":24},"end":{"line":41,"column":4}},"11":{"start":{"line":43,"column":22},"end":{"line":45,"column":28}},"12":{"start":{"line":44,"column":4},"end":{"line":44,"column":62}},"13":{"start":{"line":47,"column":23},"end":{"line":54,"column":29}},"14":{"start":{"line":48,"column":4},"end":{"line":52,"column":5}},"15":{"start":{"line":49,"column":7},"end":{"line":49,"column":75}},"16":{"start":{"line":51,"column":7},"end":{"line":51,"column":32}},"17":{"start":{"line":53,"column":4},"end":{"line":53,"column":15}},"18":{"start":{"line":56,"column":2},"end":{"line":131,"column":4}},"19":{"start":{"line":134,"column":15},"end":{"line":217,"column":2}}},"fnMap":{"0":{"name":"(anonymous_0)","decl":{"start":{"line":17,"column":36},"end":{"line":17,"column":37}},"loc":{"start":{"line":17,"column":90},"end":{"line":132,"column":1}},"line":17},"1":{"name":"(anonymous_1)","decl":{"start":{"line":21,"column":33},"end":{"line":21,"column":34}},"loc":{"start":{"line":22,"column":4},"end":{"line":22,"column":78}},"line":22},"2":{"name":"(anonymous_2)","decl":{"start":{"line":22,"column":26},"end":{"line":22,"column":27}},"loc":{"start":{"line":22,"column":31},"end":{"line":22,"column":54}},"line":22},"3":{"name":"(anonymous_3)","decl":{"start":{"line":30,"column":18},"end":{"line":30,"column":19}},"loc":{"start":{"line":30,"column":24},"end":{"line":36,"column":3}},"line":30},"4":{"name":"(anonymous_4)","decl":{"start":{"line":43,"column":40},"end":{"line":43,"column":41}},"loc":{"start":{"line":43,"column":46},"end":{"line":45,"column":3}},"line":43},"5":{"name":"(anonymous_5)","decl":{"start":{"line":47,"column":41},"end":{"line":47,"column":42}},"loc":{"start":{"line":47,"column":47},"end":{"line":54,"column":3}},"line":47}},"branchMap":{"0":{"loc":{"start":{"line":22,"column":4},"end":{"line":22,"column":78}},"type":"binary-expr","locations":[{"start":{"line":22,"column":4},"end":{"line":22,"column":55}},{"start":{"line":22,"column":59},"end":{"line":22,"column":78}}],"line":22},"1":{"loc":{"start":{"line":26,"column":24},"end":{"line":26,"column":105}},"type":"binary-expr","locations":[{"start":{"line":26,"column":24},"end":{"line":26,"column":35}},{"start":{"line":26,"column":39},"end":{"line":26,"column":84}},{"start":{"line":26,"column":88},"end":{"line":26,"column":105}}],"line":26},"2":{"loc":{"start":{"line":28,"column":55},"end":{"line":28,"column":74}},"type":"cond-expr","locations":[{"start":{"line":28,"column":69},"end":{"line":28,"column":70}},{"start":{"line":28,"column":73},"end":{"line":28,"column":74}}],"line":28},"3":{"loc":{"start":{"line":32,"column":15},"end":{"line":32,"column":34}},"type":"cond-expr","locations":[{"start":{"line":32,"column":29},"end":{"line":32,"column":30}},{"start":{"line":32,"column":33},"end":{"line":32,"column":34}}],"line":32},"4":{"loc":{"start":{"line":48,"column":4},"end":{"line":52,"column":5}},"type":"if","locations":[{"start":{"line":48,"column":4},"end":{"line":52,"column":5}},{"start":{"line":50,"column":11},"end":{"line":52,"column":5}}],"line":48},"5":{"loc":{"start":{"line":63,"column":25},"end":{"line":63,"column":61}},"type":"cond-expr","locations":[{"start":{"line":63,"column":39},"end":{"line":63,"column":52}},{"start":{"line":63,"column":55},"end":{"line":63,"column":61}}],"line":63},"6":{"loc":{"start":{"line":83,"column":20},"end":{"line":83,"column":113}},"type":"binary-expr","locations":[{"start":{"line":83,"column":20},"end":{"line":83,"column":31}},{"start":{"line":83,"column":35},"end":{"line":83,"column":113}}],"line":83},"7":{"loc":{"start":{"line":92,"column":17},"end":{"line":97,"column":17}},"type":"binary-expr","locations":[{"start":{"line":92,"column":17},"end":{"line":92,"column":33}},{"start":{"line":93,"column":20},"end":{"line":96,"column":27}}],"line":92},"8":{"loc":{"start":{"line":109,"column":27},"end":{"line":109,"column":77}},"type":"cond-expr","locations":[{"start":{"line":109,"column":41},"end":{"line":109,"column":58}},{"start":{"line":109,"column":61},"end":{"line":109,"column":77}}],"line":109},"9":{"loc":{"start":{"line":110,"column":12},"end":{"line":110,"column":65}},"type":"binary-expr","locations":[{"start":{"line":110,"column":12},"end":{"line":110,"column":23}},{"start":{"line":110,"column":27},"end":{"line":110,"column":65}}],"line":110},"10":{"loc":{"start":{"line":113,"column":11},"end":{"line":113,"column":71}},"type":"binary-expr","locations":[{"start":{"line":113,"column":11},"end":{"line":113,"column":22}},{"start":{"line":113,"column":26},"end":{"line":113,"column":71}}],"line":113},"11":{"loc":{"start":{"line":124,"column":31},"end":{"line":124,"column":78}},"type":"cond-expr","locations":[{"start":{"line":124,"column":45},"end":{"line":124,"column":62}},{"start":{"line":124,"column":65},"end":{"line":124,"column":78}}],"line":124}},"s":{"0":0,"1":0,"2":0,"3":0,"4":0,"5":0,"6":0,"7":0,"8":0,"9":0,"10":0,"11":0,"12":0,"13":0,"14":0,"15":0,"16":0,"17":0,"18":0,"19":0},"f":{"0":0,"1":0,"2":0,"3":0,"4":0,"5":0},"b":{"0":[0,0],"1":[0,0,0],"2":[0,0],"3":[0,0],"4":[0,0],"5":[0,0],"6":[0,0],"7":[0,0],"8":[0,0],"9":[0,0],"10":[0,0],"11":[0,0]}}
,"C:\\Users\\Yusuf\\Desktop\\HedefimBugun\\src\\components\\LazyScreen.tsx": {"path":"C:\\Users\\Yusuf\\Desktop\\HedefimBugun\\src\\components\\LazyScreen.tsx","statementMap":{"0":{"start":{"line":4,"column":26},"end":{"line":25,"column":1}},"1":{"start":{"line":5,"column":2},"end":{"line":24,"column":4}},"2":{"start":{"line":6,"column":36},"end":{"line":6,"column":51}},"3":{"start":{"line":8,"column":4},"end":{"line":13,"column":11}},"4":{"start":{"line":9,"column":20},"end":{"line":11,"column":13}},"5":{"start":{"line":10,"column":8},"end":{"line":10,"column":26}},"6":{"start":{"line":12,"column":6},"end":{"line":12,"column":39}},"7":{"start":{"line":12,"column":19},"end":{"line":12,"column":38}},"8":{"start":{"line":15,"column":4},"end":{"line":21,"column":5}},"9":{"start":{"line":16,"column":6},"end":{"line":20,"column":8}},"10":{"start":{"line":23,"column":4},"end":{"line":23,"column":36}}},"fnMap":{"0":{"name":"(anonymous_0)","decl":{"start":{"line":4,"column":26},"end":{"line":4,"column":27}},"loc":{"start":{"line":4,"column":67},"end":{"line":25,"column":1}},"line":4},"1":{"name":"(anonymous_1)","decl":{"start":{"line":5,"column":9},"end":{"line":5,"column":10}},"loc":{"start":{"line":5,"column":25},"end":{"line":24,"column":3}},"line":5},"2":{"name":"(anonymous_2)","decl":{"start":{"line":8,"column":14},"end":{"line":8,"column":15}},"loc":{"start":{"line":8,"column":20},"end":{"line":13,"column":5}},"line":8},"3":{"name":"(anonymous_3)","decl":{"start":{"line":9,"column":31},"end":{"line":9,"column":32}},"loc":{"start":{"line":9,"column":37},"end":{"line":11,"column":7}},"line":9},"4":{"name":"(anonymous_4)","decl":{"start":{"line":12,"column":13},"end":{"line":12,"column":14}},"loc":{"start":{"line":12,"column":19},"end":{"line":12,"column":38}},"line":12}},"branchMap":{"0":{"loc":{"start":{"line":15,"column":4},"end":{"line":21,"column":5}},"type":"if","locations":[{"start":{"line":15,"column":4},"end":{"line":21,"column":5}},{"start":{},"end":{}}],"line":15}},"s":{"0":0,"1":0,"2":0,"3":0,"4":0,"5":0,"6":0,"7":0,"8":0,"9":0,"10":0},"f":{"0":0,"1":0,"2":0,"3":0,"4":0},"b":{"0":[0,0]}}
,"C:\\Users\\Yusuf\\Desktop\\HedefimBugun\\src\\components\\SmartAssistantWidget.tsx": {"path":"C:\\Users\\Yusuf\\Desktop\\HedefimBugun\\src\\components\\SmartAssistantWidget.tsx","statementMap":{"0":{"start":{"line":7,"column":22},"end":{"line":14,"column":1}},"1":{"start":{"line":16,"column":36},"end":{"line":49,"column":1}},"2":{"start":{"line":17,"column":47},"end":{"line":17,"column":58}},"3":{"start":{"line":18,"column":32},"end":{"line":18,"column":62}},"4":{"start":{"line":19,"column":32},"end":{"line":19,"column":46}},"5":{"start":{"line":21,"column":2},"end":{"line":27,"column":22}},"6":{"start":{"line":22,"column":21},"end":{"line":22,"column":49}},"7":{"start":{"line":23,"column":4},"end":{"line":26,"column":5}},"8":{"start":{"line":24,"column":8},"end":{"line":24,"column":32}},"9":{"start":{"line":25,"column":8},"end":{"line":25,"column":25}},"10":{"start":{"line":29,"column":2},"end":{"line":29,"column":40}},"11":{"start":{"line":29,"column":28},"end":{"line":29,"column":40}},"12":{"start":{"line":31,"column":24},"end":{"line":31,"column":58}},"13":{"start":{"line":33,"column":2},"end":{"line":48,"column":4}},"14":{"start":{"line":43,"column":45},"end":{"line":43,"column":62}},"15":{"start":{"line":51,"column":15},"end":{"line":90,"column":2}}},"fnMap":{"0":{"name":"(anonymous_0)","decl":{"start":{"line":16,"column":36},"end":{"line":16,"column":37}},"loc":{"start":{"line":16,"column":42},"end":{"line":49,"column":1}},"line":16},"1":{"name":"(anonymous_1)","decl":{"start":{"line":21,"column":12},"end":{"line":21,"column":13}},"loc":{"start":{"line":21,"column":18},"end":{"line":27,"column":3}},"line":21},"2":{"name":"(anonymous_2)","decl":{"start":{"line":43,"column":39},"end":{"line":43,"column":40}},"loc":{"start":{"line":43,"column":45},"end":{"line":43,"column":62}},"line":43}},"branchMap":{"0":{"loc":{"start":{"line":23,"column":4},"end":{"line":26,"column":5}},"type":"if","locations":[{"start":{"line":23,"column":4},"end":{"line":26,"column":5}},{"start":{},"end":{}}],"line":23},"1":{"loc":{"start":{"line":29,"column":2},"end":{"line":29,"column":40}},"type":"if","locations":[{"start":{"line":29,"column":2},"end":{"line":29,"column":40}},{"start":{},"end":{}}],"line":29},"2":{"loc":{"start":{"line":29,"column":6},"end":{"line":29,"column":26}},"type":"binary-expr","locations":[{"start":{"line":29,"column":6},"end":{"line":29,"column":14}},{"start":{"line":29,"column":18},"end":{"line":29,"column":26}}],"line":29},"3":{"loc":{"start":{"line":31,"column":24},"end":{"line":31,"column":58}},"type":"binary-expr","locations":[{"start":{"line":31,"column":24},"end":{"line":31,"column":46}},{"start":{"line":31,"column":50},"end":{"line":31,"column":58}}],"line":31}},"s":{"0":0,"1":0,"2":0,"3":0,"4":0,"5":0,"6":0,"7":0,"8":0,"9":0,"10":0,"11":0,"12":0,"13":0,"14":0,"15":0},"f":{"0":0,"1":0,"2":0},"b":{"0":[0,0],"1":[0,0],"2":[0,0],"3":[0,0]}}
,"C:\\Users\\Yusuf\\Desktop\\HedefimBugun\\src\\components\\StepGardenWidget.tsx": {"path":"C:\\Users\\Yusuf\\Desktop\\HedefimBugun\\src\\components\\StepGardenWidget.tsx","statementMap":{"0":{"start":{"line":9,"column":32},"end":{"line":212,"column":1}},"1":{"start":{"line":10,"column":32},"end":{"line":10,"column":43}},"2":{"start":{"line":11,"column":50},"end":{"line":11,"column":61}},"3":{"start":{"line":12,"column":40},"end":{"line":12,"column":51}},"4":{"start":{"line":13,"column":58},"end":{"line":13,"column":78}},"5":{"start":{"line":14,"column":42},"end":{"line":14,"column":61}},"6":{"start":{"line":15,"column":42},"end":{"line":15,"column":57}},"7":{"start":{"line":16,"column":48},"end":{"line":16,"column":60}},"8":{"start":{"line":17,"column":36},"end":{"line":17,"column":51}},"9":{"start":{"line":19,"column":22},"end":{"line":19,"column":84}},"10":{"start":{"line":21,"column":2},"end":{"line":28,"column":9}},"11":{"start":{"line":22,"column":4},"end":{"line":22,"column":31}},"12":{"start":{"line":23,"column":4},"end":{"line":23,"column":22}},"13":{"start":{"line":25,"column":4},"end":{"line":27,"column":6}},"14":{"start":{"line":26,"column":6},"end":{"line":26,"column":22}},"15":{"start":{"line":30,"column":26},"end":{"line":41,"column":3}},"16":{"start":{"line":31,"column":6},"end":{"line":40,"column":7}},"17":{"start":{"line":32,"column":25},"end":{"line":32,"column":64}},"18":{"start":{"line":33,"column":10},"end":{"line":37,"column":11}},"19":{"start":{"line":34,"column":14},"end":{"line":34,"column":51}},"20":{"start":{"line":39,"column":10},"end":{"line":39,"column":58}},"21":{"start":{"line":43,"column":26},"end":{"line":50,"column":3}},"22":{"start":{"line":44,"column":6},"end":{"line":49,"column":7}},"23":{"start":{"line":45,"column":10},"end":{"line":45,"column":68}},"24":{"start":{"line":46,"column":10},"end":{"line":46,"column":32}},"25":{"start":{"line":48,"column":10},"end":{"line":48,"column":58}},"26":{"start":{"line":52,"column":35},"end":{"line":66,"column":3}},"27":{"start":{"line":53,"column":4},"end":{"line":65,"column":5}},"28":{"start":{"line":54,"column":28},"end":{"line":54,"column":62}},"29":{"start":{"line":55,"column":8},"end":{"line":55,"column":53}},"30":{"start":{"line":57,"column":8},"end":{"line":61,"column":9}},"31":{"start":{"line":58,"column":12},"end":{"line":58,"column":29}},"32":{"start":{"line":60,"column":12},"end":{"line":60,"column":34}},"33":{"start":{"line":63,"column":8},"end":{"line":63,"column":41}},"34":{"start":{"line":64,"column":8},"end":{"line":64,"column":30}},"35":{"start":{"line":68,"column":25},"end":{"line":88,"column":3}},"36":{"start":{"line":69,"column":16},"end":{"line":69,"column":26}},"37":{"start":{"line":70,"column":18},"end":{"line":70,"column":28}},"38":{"start":{"line":71,"column":4},"end":{"line":71,"column":31}},"39":{"start":{"line":73,"column":4},"end":{"line":87,"column":5}},"40":{"start":{"line":74,"column":36},"end":{"line":74,"column":81}},"41":{"start":{"line":75,"column":8},"end":{"line":77,"column":9}},"42":{"start":{"line":76,"column":12},"end":{"line":76,"column":59}},"43":{"start":{"line":79,"column":20},"end":{"line":82,"column":10}},"44":{"start":{"line":81,"column":13},"end":{"line":81,"column":97}},"45":{"start":{"line":81,"column":65},"end":{"line":81,"column":95}},"46":{"start":{"line":83,"column":8},"end":{"line":83,"column":29}},"47":{"start":{"line":86,"column":8},"end":{"line":86,"column":30}},"48":{"start":{"line":90,"column":24},"end":{"line":93,"column":3}},"49":{"start":{"line":91,"column":4},"end":{"line":91,"column":42}},"50":{"start":{"line":92,"column":4},"end":{"line":92,"column":26}},"51":{"start":{"line":95,"column":21},"end":{"line":105,"column":3}},"52":{"start":{"line":96,"column":6},"end":{"line":104,"column":7}},"53":{"start":{"line":98,"column":10},"end":{"line":98,"column":33}},"54":{"start":{"line":99,"column":10},"end":{"line":99,"column":27}},"55":{"start":{"line":102,"column":10},"end":{"line":102,"column":32}},"56":{"start":{"line":103,"column":10},"end":{"line":103,"column":26}},"57":{"start":{"line":107,"column":27},"end":{"line":116,"column":3}},"58":{"start":{"line":108,"column":20},"end":{"line":108,"column":49}},"59":{"start":{"line":109,"column":6},"end":{"line":115,"column":7}},"60":{"start":{"line":110,"column":10},"end":{"line":110,"column":33}},"61":{"start":{"line":111,"column":10},"end":{"line":111,"column":30}},"62":{"start":{"line":112,"column":10},"end":{"line":112,"column":29}},"63":{"start":{"line":114,"column":10},"end":{"line":114,"column":66}},"64":{"start":{"line":119,"column":25},"end":{"line":119,"column":70}},"65":{"start":{"line":122,"column":25},"end":{"line":127,"column":3}},"66":{"start":{"line":123,"column":6},"end":{"line":123,"column":135}},"67":{"start":{"line":123,"column":33},"end":{"line":123,"column":135}},"68":{"start":{"line":124,"column":6},"end":{"line":124,"column":132}},"69":{"start":{"line":124,"column":33},"end":{"line":124,"column":132}},"70":{"start":{"line":125,"column":6},"end":{"line":125,"column":137}},"71":{"start":{"line":125,"column":33},"end":{"line":125,"column":137}},"72":{"start":{"line":126,"column":6},"end":{"line":126,"column":99}},"73":{"start":{"line":129,"column":16},"end":{"line":129,"column":32}},"74":{"start":{"line":130,"column":15},"end":{"line":130,"column":25}},"75":{"start":{"line":131,"column":25},"end":{"line":131,"column":83}},"76":{"start":{"line":132,"column":24},"end":{"line":132,"column":122}},"77":{"start":{"line":134,"column":2},"end":{"line":134,"column":55}},"78":{"start":{"line":134,"column":43},"end":{"line":134,"column":55}},"79":{"start":{"line":136,"column":2},"end":{"line":211,"column":4}},"80":{"start":{"line":193,"column":67},"end":{"line":193,"column":110}},"81":{"start":{"line":193,"column":111},"end":{"line":193,"column":130}},"82":{"start":{"line":214,"column":15},"end":{"line":323,"column":2}}},"fnMap":{"0":{"name":"(anonymous_0)","decl":{"start":{"line":9,"column":32},"end":{"line":9,"column":33}},"loc":{"start":{"line":9,"column":38},"end":{"line":212,"column":1}},"line":9},"1":{"name":"(anonymous_1)","decl":{"start":{"line":21,"column":12},"end":{"line":21,"column":13}},"loc":{"start":{"line":21,"column":18},"end":{"line":28,"column":3}},"line":21},"2":{"name":"(anonymous_2)","decl":{"start":{"line":25,"column":11},"end":{"line":25,"column":12}},"loc":{"start":{"line":25,"column":17},"end":{"line":27,"column":5}},"line":25},"3":{"name":"(anonymous_3)","decl":{"start":{"line":30,"column":26},"end":{"line":30,"column":27}},"loc":{"start":{"line":30,"column":38},"end":{"line":41,"column":3}},"line":30},"4":{"name":"(anonymous_4)","decl":{"start":{"line":43,"column":26},"end":{"line":43,"column":27}},"loc":{"start":{"line":43,"column":51},"end":{"line":50,"column":3}},"line":43},"5":{"name":"(anonymous_5)","decl":{"start":{"line":52,"column":35},"end":{"line":52,"column":36}},"loc":{"start":{"line":52,"column":47},"end":{"line":66,"column":3}},"line":52},"6":{"name":"(anonymous_6)","decl":{"start":{"line":68,"column":25},"end":{"line":68,"column":26}},"loc":{"start":{"line":68,"column":37},"end":{"line":88,"column":3}},"line":68},"7":{"name":"(anonymous_7)","decl":{"start":{"line":79,"column":45},"end":{"line":79,"column":46}},"loc":{"start":{"line":79,"column":55},"end":{"line":82,"column":9}},"line":79},"8":{"name":"(anonymous_8)","decl":{"start":{"line":81,"column":58},"end":{"line":81,"column":59}},"loc":{"start":{"line":81,"column":65},"end":{"line":81,"column":95}},"line":81},"9":{"name":"(anonymous_9)","decl":{"start":{"line":90,"column":24},"end":{"line":90,"column":25}},"loc":{"start":{"line":90,"column":30},"end":{"line":93,"column":3}},"line":90},"10":{"name":"(anonymous_10)","decl":{"start":{"line":95,"column":21},"end":{"line":95,"column":22}},"loc":{"start":{"line":95,"column":27},"end":{"line":105,"column":3}},"line":95},"11":{"name":"(anonymous_11)","decl":{"start":{"line":107,"column":27},"end":{"line":107,"column":28}},"loc":{"start":{"line":107,"column":33},"end":{"line":116,"column":3}},"line":107},"12":{"name":"(anonymous_12)","decl":{"start":{"line":122,"column":25},"end":{"line":122,"column":26}},"loc":{"start":{"line":122,"column":31},"end":{"line":127,"column":3}},"line":122},"13":{"name":"(anonymous_13)","decl":{"start":{"line":193,"column":59},"end":{"line":193,"column":60}},"loc":{"start":{"line":193,"column":65},"end":{"line":193,"column":132}},"line":193}},"branchMap":{"0":{"loc":{"start":{"line":33,"column":10},"end":{"line":37,"column":11}},"type":"if","locations":[{"start":{"line":33,"column":10},"end":{"line":37,"column":11}},{"start":{},"end":{}}],"line":33},"1":{"loc":{"start":{"line":57,"column":8},"end":{"line":61,"column":9}},"type":"if","locations":[{"start":{"line":57,"column":8},"end":{"line":61,"column":9}},{"start":{"line":59,"column":15},"end":{"line":61,"column":9}}],"line":57},"2":{"loc":{"start":{"line":75,"column":8},"end":{"line":77,"column":9}},"type":"if","locations":[{"start":{"line":75,"column":8},"end":{"line":77,"column":9}},{"start":{},"end":{}}],"line":75},"3":{"loc":{"start":{"line":91,"column":4},"end":{"line":91,"column":41}},"type":"binary-expr","locations":[{"start":{"line":91,"column":4},"end":{"line":91,"column":16}},{"start":{"line":91,"column":20},"end":{"line":91,"column":41}}],"line":91},"4":{"loc":{"start":{"line":96,"column":6},"end":{"line":104,"column":7}},"type":"if","locations":[{"start":{"line":96,"column":6},"end":{"line":104,"column":7}},{"start":{"line":100,"column":13},"end":{"line":104,"column":7}}],"line":96},"5":{"loc":{"start":{"line":96,"column":10},"end":{"line":96,"column":57}},"type":"binary-expr","locations":[{"start":{"line":96,"column":10},"end":{"line":96,"column":22}},{"start":{"line":96,"column":26},"end":{"line":96,"column":57}}],"line":96},"6":{"loc":{"start":{"line":109,"column":6},"end":{"line":115,"column":7}},"type":"if","locations":[{"start":{"line":109,"column":6},"end":{"line":115,"column":7}},{"start":{"line":113,"column":13},"end":{"line":115,"column":7}}],"line":109},"7":{"loc":{"start":{"line":119,"column":25},"end":{"line":119,"column":70}},"type":"cond-expr","locations":[{"start":{"line":119,"column":40},"end":{"line":119,"column":51}},{"start":{"line":119,"column":54},"end":{"line":119,"column":70}}],"line":119},"8":{"loc":{"start":{"line":123,"column":6},"end":{"line":123,"column":135}},"type":"if","locations":[{"start":{"line":123,"column":6},"end":{"line":123,"column":135}},{"start":{},"end":{}}],"line":123},"9":{"loc":{"start":{"line":124,"column":6},"end":{"line":124,"column":132}},"type":"if","locations":[{"start":{"line":124,"column":6},"end":{"line":124,"column":132}},{"start":{},"end":{}}],"line":124},"10":{"loc":{"start":{"line":125,"column":6},"end":{"line":125,"column":137}},"type":"if","locations":[{"start":{"line":125,"column":6},"end":{"line":125,"column":137}},{"start":{},"end":{}}],"line":125},"11":{"loc":{"start":{"line":131,"column":25},"end":{"line":131,"column":83}},"type":"cond-expr","locations":[{"start":{"line":131,"column":49},"end":{"line":131,"column":79}},{"start":{"line":131,"column":82},"end":{"line":131,"column":83}}],"line":131},"12":{"loc":{"start":{"line":132,"column":24},"end":{"line":132,"column":122}},"type":"cond-expr","locations":[{"start":{"line":132,"column":48},"end":{"line":132,"column":52}},{"start":{"line":132,"column":56},"end":{"line":132,"column":121}}],"line":132},"13":{"loc":{"start":{"line":132,"column":56},"end":{"line":132,"column":121}},"type":"cond-expr","locations":[{"start":{"line":132,"column":80},"end":{"line":132,"column":84}},{"start":{"line":132,"column":88},"end":{"line":132,"column":120}}],"line":132},"14":{"loc":{"start":{"line":132,"column":88},"end":{"line":132,"column":120}},"type":"cond-expr","locations":[{"start":{"line":132,"column":112},"end":{"line":132,"column":116}},{"start":{"line":132,"column":119},"end":{"line":132,"column":120}}],"line":132},"15":{"loc":{"start":{"line":134,"column":2},"end":{"line":134,"column":55}},"type":"if","locations":[{"start":{"line":134,"column":2},"end":{"line":134,"column":55}},{"start":{},"end":{}}],"line":134},"16":{"loc":{"start":{"line":156,"column":17},"end":{"line":156,"column":128}},"type":"cond-expr","locations":[{"start":{"line":156,"column":32},"end":{"line":156,"column":77}},{"start":{"line":156,"column":80},"end":{"line":156,"column":128}}],"line":156},"17":{"loc":{"start":{"line":158,"column":21},"end":{"line":158,"column":55}},"type":"cond-expr","locations":[{"start":{"line":158,"column":36},"end":{"line":158,"column":44}},{"start":{"line":158,"column":47},"end":{"line":158,"column":55}}],"line":158},"18":{"loc":{"start":{"line":173,"column":17},"end":{"line":207,"column":17}},"type":"cond-expr","locations":[{"start":{"line":174,"column":20},"end":{"line":187,"column":27}},{"start":{"line":189,"column":20},"end":{"line":206,"column":23}}],"line":173},"19":{"loc":{"start":{"line":173,"column":17},"end":{"line":173,"column":42}},"type":"binary-expr","locations":[{"start":{"line":173,"column":17},"end":{"line":173,"column":29}},{"start":{"line":173,"column":33},"end":{"line":173,"column":42}}],"line":173},"20":{"loc":{"start":{"line":192,"column":29},"end":{"line":196,"column":29}},"type":"binary-expr","locations":[{"start":{"line":192,"column":29},"end":{"line":192,"column":41}},{"start":{"line":193,"column":32},"end":{"line":195,"column":51}}],"line":192},"21":{"loc":{"start":{"line":201,"column":25},"end":{"line":205,"column":25}},"type":"binary-expr","locations":[{"start":{"line":201,"column":25},"end":{"line":201,"column":42}},{"start":{"line":202,"column":29},"end":{"line":204,"column":36}}],"line":201}},"s":{"0":0,"1":0,"2":0,"3":0,"4":0,"5":0,"6":0,"7":0,"8":0,"9":0,"10":0,"11":0,"12":0,"13":0,"14":0,"15":0,"16":0,"17":0,"18":0,"19":0,"20":0,"21":0,"22":0,"23":0,"24":0,"25":0,"26":0,"27":0,"28":0,"29":0,"30":0,"31":0,"32":0,"33":0,"34":0,"35":0,"36":0,"37":0,"38":0,"39":0,"40":0,"41":0,"42":0,"43":0,"44":0,"45":0,"46":0,"47":0,"48":0,"49":0,"50":0,"51":0,"52":0,"53":0,"54":0,"55":0,"56":0,"57":0,"58":0,"59":0,"60":0,"61":0,"62":0,"63":0,"64":0,"65":0,"66":0,"67":0,"68":0,"69":0,"70":0,"71":0,"72":0,"73":0,"74":0,"75":0,"76":0,"77":0,"78":0,"79":0,"80":0,"81":0,"82":0},"f":{"0":0,"1":0,"2":0,"3":0,"4":0,"5":0,"6":0,"7":0,"8":0,"9":0,"10":0,"11":0,"12":0,"13":0},"b":{"0":[0,0],"1":[0,0],"2":[0,0],"3":[0,0],"4":[0,0],"5":[0,0],"6":[0,0],"7":[0,0],"8":[0,0],"9":[0,0],"10":[0,0],"11":[0,0],"12":[0,0],"13":[0,0],"14":[0,0],"15":[0,0],"16":[0,0],"17":[0,0],"18":[0,0],"19":[0,0],"20":[0,0],"21":[0,0]}}
,"C:\\Users\\Yusuf\\Desktop\\HedefimBugun\\src\\components\\navigation\\CustomTabBar.tsx": {"path":"C:\\Users\\Yusuf\\Desktop\\HedefimBugun\\src\\components\\navigation\\CustomTabBar.tsx","statementMap":{"0":{"start":{"line":9,"column":18},"end":{"line":9,"column":42}},"1":{"start":{"line":11,"column":16},"end":{"line":40,"column":1}},"2":{"start":{"line":12,"column":22},"end":{"line":12,"column":75}},"3":{"start":{"line":14,"column":4},"end":{"line":21,"column":18}},"4":{"start":{"line":15,"column":8},"end":{"line":20,"column":19}},"5":{"start":{"line":23,"column":20},"end":{"line":23,"column":24}},"6":{"start":{"line":24,"column":4},"end":{"line":28,"column":50}},"7":{"start":{"line":24,"column":25},"end":{"line":24,"column":37}},"8":{"start":{"line":25,"column":9},"end":{"line":28,"column":50}},"9":{"start":{"line":25,"column":34},"end":{"line":25,"column":52}},"10":{"start":{"line":26,"column":9},"end":{"line":28,"column":50}},"11":{"start":{"line":26,"column":31},"end":{"line":26,"column":48}},"12":{"start":{"line":27,"column":9},"end":{"line":28,"column":50}},"13":{"start":{"line":27,"column":31},"end":{"line":27,"column":52}},"14":{"start":{"line":28,"column":9},"end":{"line":28,"column":50}},"15":{"start":{"line":28,"column":34},"end":{"line":28,"column":50}},"16":{"start":{"line":30,"column":4},"end":{"line":39,"column":6}},"17":{"start":{"line":42,"column":28},"end":{"line":87,"column":1}},"18":{"start":{"line":43,"column":17},"end":{"line":43,"column":36}},"19":{"start":{"line":44,"column":21},"end":{"line":44,"column":32}},"20":{"start":{"line":45,"column":2},"end":{"line":86,"column":4}},"21":{"start":{"line":49,"column":30},"end":{"line":49,"column":52}},"22":{"start":{"line":50,"column":28},"end":{"line":50,"column":49}},"23":{"start":{"line":52,"column":26},"end":{"line":62,"column":11}},"24":{"start":{"line":53,"column":26},"end":{"line":57,"column":14}},"25":{"start":{"line":59,"column":12},"end":{"line":61,"column":13}},"26":{"start":{"line":60,"column":14},"end":{"line":60,"column":46}},"27":{"start":{"line":64,"column":24},"end":{"line":64,"column":67}},"28":{"start":{"line":66,"column":10},"end":{"line":82,"column":12}},"29":{"start":{"line":89,"column":15},"end":{"line":126,"column":2}}},"fnMap":{"0":{"name":"(anonymous_0)","decl":{"start":{"line":11,"column":16},"end":{"line":11,"column":17}},"loc":{"start":{"line":11,"column":97},"end":{"line":40,"column":1}},"line":11},"1":{"name":"(anonymous_1)","decl":{"start":{"line":14,"column":14},"end":{"line":14,"column":15}},"loc":{"start":{"line":14,"column":20},"end":{"line":21,"column":5}},"line":14},"2":{"name":"(anonymous_2)","decl":{"start":{"line":42,"column":28},"end":{"line":42,"column":29}},"loc":{"start":{"line":42,"column":87},"end":{"line":87,"column":1}},"line":42},"3":{"name":"(anonymous_3)","decl":{"start":{"line":48,"column":26},"end":{"line":48,"column":27}},"loc":{"start":{"line":48,"column":44},"end":{"line":83,"column":9}},"line":48},"4":{"name":"(anonymous_4)","decl":{"start":{"line":52,"column":26},"end":{"line":52,"column":27}},"loc":{"start":{"line":52,"column":32},"end":{"line":62,"column":11}},"line":52}},"branchMap":{"0":{"loc":{"start":{"line":12,"column":48},"end":{"line":12,"column":65}},"type":"cond-expr","locations":[{"start":{"line":12,"column":58},"end":{"line":12,"column":61}},{"start":{"line":12,"column":64},"end":{"line":12,"column":65}}],"line":12},"1":{"loc":{"start":{"line":16,"column":21},"end":{"line":16,"column":38}},"type":"cond-expr","locations":[{"start":{"line":16,"column":31},"end":{"line":16,"column":34}},{"start":{"line":16,"column":37},"end":{"line":16,"column":38}}],"line":16},"2":{"loc":{"start":{"line":24,"column":4},"end":{"line":28,"column":50}},"type":"if","locations":[{"start":{"line":24,"column":4},"end":{"line":28,"column":50}},{"start":{"line":25,"column":9},"end":{"line":28,"column":50}}],"line":24},"3":{"loc":{"start":{"line":25,"column":9},"end":{"line":28,"column":50}},"type":"if","locations":[{"start":{"line":25,"column":9},"end":{"line":28,"column":50}},{"start":{"line":26,"column":9},"end":{"line":28,"column":50}}],"line":25},"4":{"loc":{"start":{"line":26,"column":9},"end":{"line":28,"column":50}},"type":"if","locations":[{"start":{"line":26,"column":9},"end":{"line":28,"column":50}},{"start":{"line":27,"column":9},"end":{"line":28,"column":50}}],"line":26},"5":{"loc":{"start":{"line":27,"column":9},"end":{"line":28,"column":50}},"type":"if","locations":[{"start":{"line":27,"column":9},"end":{"line":28,"column":50}},{"start":{"line":28,"column":9},"end":{"line":28,"column":50}}],"line":27},"6":{"loc":{"start":{"line":28,"column":9},"end":{"line":28,"column":50}},"type":"if","locations":[{"start":{"line":28,"column":9},"end":{"line":28,"column":50}},{"start":{},"end":{}}],"line":28},"7":{"loc":{"start":{"line":34,"column":22},"end":{"line":34,"column":51}},"type":"cond-expr","locations":[{"start":{"line":34,"column":44},"end":{"line":34,"column":46}},{"start":{"line":34,"column":49},"end":{"line":34,"column":51}}],"line":34},"8":{"loc":{"start":{"line":35,"column":29},"end":{"line":35,"column":46}},"type":"cond-expr","locations":[{"start":{"line":35,"column":39},"end":{"line":35,"column":42}},{"start":{"line":35,"column":45},"end":{"line":35,"column":46}}],"line":35},"9":{"loc":{"start":{"line":36,"column":22},"end":{"line":36,"column":76}},"type":"cond-expr","locations":[{"start":{"line":36,"column":55},"end":{"line":36,"column":67}},{"start":{"line":36,"column":70},"end":{"line":36,"column":76}}],"line":36},"10":{"loc":{"start":{"line":36,"column":22},"end":{"line":36,"column":52}},"type":"binary-expr","locations":[{"start":{"line":36,"column":22},"end":{"line":36,"column":29}},{"start":{"line":36,"column":33},"end":{"line":36,"column":52}}],"line":36},"11":{"loc":{"start":{"line":59,"column":12},"end":{"line":61,"column":13}},"type":"if","locations":[{"start":{"line":59,"column":12},"end":{"line":61,"column":13}},{"start":{},"end":{}}],"line":59},"12":{"loc":{"start":{"line":59,"column":16},"end":{"line":59,"column":53}},"type":"binary-expr","locations":[{"start":{"line":59,"column":16},"end":{"line":59,"column":26}},{"start":{"line":59,"column":30},"end":{"line":59,"column":53}}],"line":59},"13":{"loc":{"start":{"line":64,"column":24},"end":{"line":64,"column":67}},"type":"cond-expr","locations":[{"start":{"line":64,"column":36},"end":{"line":64,"column":50}},{"start":{"line":64,"column":53},"end":{"line":64,"column":67}}],"line":64},"14":{"loc":{"start":{"line":70,"column":34},"end":{"line":70,"column":69}},"type":"cond-expr","locations":[{"start":{"line":70,"column":46},"end":{"line":70,"column":64}},{"start":{"line":70,"column":67},"end":{"line":70,"column":69}}],"line":70},"15":{"loc":{"start":{"line":78,"column":15},"end":{"line":80,"column":15}},"type":"binary-expr","locations":[{"start":{"line":78,"column":15},"end":{"line":78,"column":24}},{"start":{"line":79,"column":19},"end":{"line":79,"column":91}}],"line":78}},"s":{"0":0,"1":0,"2":0,"3":0,"4":0,"5":0,"6":0,"7":0,"8":0,"9":0,"10":0,"11":0,"12":0,"13":0,"14":0,"15":0,"16":0,"17":0,"18":0,"19":0,"20":0,"21":0,"22":0,"23":0,"24":0,"25":0,"26":0,"27":0,"28":0,"29":0},"f":{"0":0,"1":0,"2":0,"3":0,"4":0},"b":{"0":[0,0],"1":[0,0],"2":[0,0],"3":[0,0],"4":[0,0],"5":[0,0],"6":[0,0],"7":[0,0],"8":[0,0],"9":[0,0],"10":[0,0],"11":[0,0],"12":[0,0],"13":[0,0],"14":[0,0],"15":[0,0]}}
,"C:\\Users\\Yusuf\\Desktop\\HedefimBugun\\src\\constants\\colors.ts": {"path":"C:\\Users\\Yusuf\\Desktop\\HedefimBugun\\src\\constants\\colors.ts","statementMap":{"0":{"start":{"line":1,"column":14},"end":{"line":26,"column":1}},"1":{"start":{"line":28,"column":13},"end":{"line":50,"column":1}},"2":{"start":{"line":54,"column":25},"end":{"line":60,"column":1}},"3":{"start":{"line":55,"column":17},"end":{"line":55,"column":49}},"4":{"start":{"line":56,"column":4},"end":{"line":59,"column":6}},"5":{"start":{"line":63,"column":22},"end":{"line":63,"column":27}},"6":{"start":{"line":64,"column":27},"end":{"line":64,"column":42}}},"fnMap":{"0":{"name":"(anonymous_0)","decl":{"start":{"line":54,"column":25},"end":{"line":54,"column":26}},"loc":{"start":{"line":54,"column":64},"end":{"line":60,"column":1}},"line":54}},"branchMap":{"0":{"loc":{"start":{"line":55,"column":17},"end":{"line":55,"column":49}},"type":"cond-expr","locations":[{"start":{"line":55,"column":37},"end":{"line":55,"column":42}},{"start":{"line":55,"column":45},"end":{"line":55,"column":49}}],"line":55},"1":{"loc":{"start":{"line":58,"column":17},"end":{"line":58,"column":39}},"type":"binary-expr","locations":[{"start":{"line":58,"column":17},"end":{"line":58,"column":23}},{"start":{"line":58,"column":27},"end":{"line":58,"column":39}}],"line":58}},"s":{"0":0,"1":0,"2":0,"3":0,"4":0,"5":0,"6":0},"f":{"0":0},"b":{"0":[0,0],"1":[0,0]}}
,"C:\\Users\\Yusuf\\Desktop\\HedefimBugun\\src\\constants\\keys.ts": {"path":"C:\\Users\\Yusuf\\Desktop\\HedefimBugun\\src\\constants\\keys.ts","statementMap":{"0":{"start":{"line":1,"column":28},"end":{"line":8,"column":1}}},"fnMap":{},"branchMap":{},"s":{"0":0},"f":{},"b":{}}
,"C:\\Users\\Yusuf\\Desktop\\HedefimBugun\\src\\context\\HabitContext.tsx": {"path":"C:\\Users\\Yusuf\\Desktop\\HedefimBugun\\src\\context\\HabitContext.tsx","statementMap":{"0":{"start":{"line":34,"column":21},"end":{"line":34,"column":75}},"1":{"start":{"line":36,"column":19},"end":{"line":47,"column":1}},"2":{"start":{"line":49,"column":70},"end":{"line":362,"column":1}},"3":{"start":{"line":50,"column":30},"end":{"line":50,"column":51}},"4":{"start":{"line":51,"column":40},"end":{"line":51,"column":74}},"5":{"start":{"line":52,"column":32},"end":{"line":52,"column":46}},"6":{"start":{"line":53,"column":36},"end":{"line":53,"column":65}},"7":{"start":{"line":54,"column":58},"end":{"line":54,"column":73}},"8":{"start":{"line":55,"column":28},"end":{"line":55,"column":48}},"9":{"start":{"line":57,"column":2},"end":{"line":60,"column":9}},"10":{"start":{"line":58,"column":4},"end":{"line":58,"column":15}},"11":{"start":{"line":59,"column":4},"end":{"line":59,"column":21}},"12":{"start":{"line":64,"column":25},"end":{"line":83,"column":3}},"13":{"start":{"line":65,"column":4},"end":{"line":82,"column":5}},"14":{"start":{"line":66,"column":25},"end":{"line":66,"column":76}},"15":{"start":{"line":67,"column":25},"end":{"line":67,"column":81}},"16":{"start":{"line":68,"column":20},"end":{"line":68,"column":58}},"17":{"start":{"line":70,"column":6},"end":{"line":77,"column":7}},"18":{"start":{"line":71,"column":8},"end":{"line":71,"column":33}},"19":{"start":{"line":72,"column":26},"end":{"line":72,"column":87}},"20":{"start":{"line":73,"column":8},"end":{"line":73,"column":54}},"21":{"start":{"line":76,"column":8},"end":{"line":76,"column":31}},"22":{"start":{"line":79,"column":6},"end":{"line":79,"column":52}},"23":{"start":{"line":81,"column":6},"end":{"line":81,"column":45}},"24":{"start":{"line":81,"column":22},"end":{"line":81,"column":45}},"25":{"start":{"line":85,"column":31},"end":{"line":95,"column":3}},"26":{"start":{"line":86,"column":20},"end":{"line":86,"column":58}},"27":{"start":{"line":87,"column":22},"end":{"line":87,"column":79}},"28":{"start":{"line":89,"column":6},"end":{"line":89,"column":28}},"29":{"start":{"line":90,"column":6},"end":{"line":90,"column":37}},"30":{"start":{"line":92,"column":6},"end":{"line":92,"column":67}},"31":{"start":{"line":93,"column":6},"end":{"line":93,"column":70}},"32":{"start":{"line":94,"column":6},"end":{"line":94,"column":77}},"33":{"start":{"line":97,"column":28},"end":{"line":107,"column":3}},"34":{"start":{"line":98,"column":4},"end":{"line":98,"column":53}},"35":{"start":{"line":98,"column":46},"end":{"line":98,"column":53}},"36":{"start":{"line":100,"column":4},"end":{"line":100,"column":34}},"37":{"start":{"line":101,"column":4},"end":{"line":101,"column":74}},"38":{"start":{"line":104,"column":22},"end":{"line":104,"column":52}},"39":{"start":{"line":105,"column":21},"end":{"line":105,"column":68}},"40":{"start":{"line":106,"column":4},"end":{"line":106,"column":97}},"41":{"start":{"line":109,"column":19},"end":{"line":170,"column":3}},"42":{"start":{"line":110,"column":4},"end":{"line":169,"column":5}},"43":{"start":{"line":111,"column":27},"end":{"line":111,"column":74}},"44":{"start":{"line":112,"column":25},"end":{"line":112,"column":79}},"45":{"start":{"line":114,"column":26},"end":{"line":114,"column":72}},"46":{"start":{"line":116,"column":35},"end":{"line":116,"column":37}},"47":{"start":{"line":117,"column":6},"end":{"line":120,"column":7}},"48":{"start":{"line":118,"column":8},"end":{"line":118,"column":49}},"49":{"start":{"line":119,"column":8},"end":{"line":119,"column":33}},"50":{"start":{"line":122,"column":6},"end":{"line":124,"column":7}},"51":{"start":{"line":123,"column":8},"end":{"line":123,"column":42}},"52":{"start":{"line":126,"column":6},"end":{"line":164,"column":7}},"53":{"start":{"line":127,"column":10},"end":{"line":163,"column":11}},"54":{"start":{"line":128,"column":33},"end":{"line":128,"column":55}},"55":{"start":{"line":129,"column":14},"end":{"line":160,"column":15}},"56":{"start":{"line":131,"column":18},"end":{"line":133,"column":19}},"57":{"start":{"line":132,"column":22},"end":{"line":132,"column":44}},"58":{"start":{"line":136,"column":18},"end":{"line":138,"column":19}},"59":{"start":{"line":137,"column":22},"end":{"line":137,"column":62}},"60":{"start":{"line":141,"column":18},"end":{"line":155,"column":19}},"61":{"start":{"line":142,"column":22},"end":{"line":146,"column":24}},"62":{"start":{"line":147,"column":22},"end":{"line":147,"column":57}},"63":{"start":{"line":148,"column":25},"end":{"line":155,"column":19}},"64":{"start":{"line":150,"column":22},"end":{"line":154,"column":24}},"65":{"start":{"line":157,"column":18},"end":{"line":157,"column":45}},"66":{"start":{"line":159,"column":18},"end":{"line":159,"column":88}},"67":{"start":{"line":166,"column":6},"end":{"line":166,"column":46}},"68":{"start":{"line":168,"column":6},"end":{"line":168,"column":24}},"69":{"start":{"line":172,"column":21},"end":{"line":178,"column":3}},"70":{"start":{"line":173,"column":4},"end":{"line":177,"column":5}},"71":{"start":{"line":174,"column":6},"end":{"line":174,"column":81}},"72":{"start":{"line":176,"column":6},"end":{"line":176,"column":48}},"73":{"start":{"line":180,"column":20},"end":{"line":208,"column":3}},"74":{"start":{"line":181,"column":4},"end":{"line":207,"column":5}},"75":{"start":{"line":182,"column":8},"end":{"line":189,"column":11}},"76":{"start":{"line":191,"column":8},"end":{"line":191,"column":22}},"77":{"start":{"line":192,"column":8},"end":{"line":192,"column":29}},"78":{"start":{"line":193,"column":8},"end":{"line":193,"column":21}},"79":{"start":{"line":194,"column":8},"end":{"line":194,"column":27}},"80":{"start":{"line":195,"column":8},"end":{"line":195,"column":39}},"81":{"start":{"line":198,"column":8},"end":{"line":198,"column":67}},"82":{"start":{"line":201,"column":8},"end":{"line":203,"column":16}},"83":{"start":{"line":202,"column":12},"end":{"line":202,"column":35}},"84":{"start":{"line":206,"column":8},"end":{"line":206,"column":49}},"85":{"start":{"line":210,"column":20},"end":{"line":216,"column":3}},"86":{"start":{"line":211,"column":4},"end":{"line":215,"column":5}},"87":{"start":{"line":212,"column":6},"end":{"line":212,"column":79}},"88":{"start":{"line":214,"column":6},"end":{"line":214,"column":47}},"89":{"start":{"line":218,"column":28},"end":{"line":226,"column":3}},"90":{"start":{"line":219,"column":4},"end":{"line":219,"column":28}},"91":{"start":{"line":220,"column":4},"end":{"line":225,"column":5}},"92":{"start":{"line":221,"column":6},"end":{"line":221,"column":86}},"93":{"start":{"line":222,"column":6},"end":{"line":222,"column":72}},"94":{"start":{"line":224,"column":6},"end":{"line":224,"column":54}},"95":{"start":{"line":228,"column":19},"end":{"line":241,"column":3}},"96":{"start":{"line":229,"column":28},"end":{"line":235,"column":5}},"97":{"start":{"line":236,"column":4},"end":{"line":240,"column":7}},"98":{"start":{"line":237,"column":24},"end":{"line":237,"column":43}},"99":{"start":{"line":238,"column":8},"end":{"line":238,"column":28}},"100":{"start":{"line":239,"column":8},"end":{"line":239,"column":23}},"101":{"start":{"line":243,"column":28},"end":{"line":257,"column":3}},"102":{"start":{"line":244,"column":31},"end":{"line":250,"column":7}},"103":{"start":{"line":244,"column":61},"end":{"line":250,"column":5}},"104":{"start":{"line":252,"column":4},"end":{"line":256,"column":7}},"105":{"start":{"line":253,"column":24},"end":{"line":253,"column":47}},"106":{"start":{"line":254,"column":8},"end":{"line":254,"column":28}},"107":{"start":{"line":255,"column":8},"end":{"line":255,"column":23}},"108":{"start":{"line":259,"column":18},"end":{"line":263,"column":3}},"109":{"start":{"line":260,"column":27},"end":{"line":260,"column":43}},"110":{"start":{"line":261,"column":6},"end":{"line":261,"column":29}},"111":{"start":{"line":262,"column":6},"end":{"line":262,"column":30}},"112":{"start":{"line":265,"column":21},"end":{"line":269,"column":3}},"113":{"start":{"line":266,"column":27},"end":{"line":266,"column":84}},"114":{"start":{"line":266,"column":42},"end":{"line":266,"column":83}},"115":{"start":{"line":267,"column":6},"end":{"line":267,"column":29}},"116":{"start":{"line":268,"column":6},"end":{"line":268,"column":30}},"117":{"start":{"line":271,"column":21},"end":{"line":275,"column":3}},"118":{"start":{"line":272,"column":27},"end":{"line":272,"column":57}},"119":{"start":{"line":272,"column":45},"end":{"line":272,"column":56}},"120":{"start":{"line":273,"column":6},"end":{"line":273,"column":29}},"121":{"start":{"line":274,"column":6},"end":{"line":274,"column":30}},"122":{"start":{"line":277,"column":32},"end":{"line":307,"column":3}},"123":{"start":{"line":278,"column":26},"end":{"line":304,"column":6}},"124":{"start":{"line":279,"column":6},"end":{"line":302,"column":7}},"125":{"start":{"line":280,"column":28},"end":{"line":280,"column":63}},"126":{"start":{"line":282,"column":22},"end":{"line":282,"column":38}},"127":{"start":{"line":284,"column":8},"end":{"line":292,"column":9}},"128":{"start":{"line":286,"column":10},"end":{"line":286,"column":75}},"129":{"start":{"line":286,"column":63},"end":{"line":286,"column":73}},"130":{"start":{"line":287,"column":10},"end":{"line":287,"column":65}},"131":{"start":{"line":287,"column":42},"end":{"line":287,"column":63}},"132":{"start":{"line":290,"column":10},"end":{"line":290,"column":62}},"133":{"start":{"line":291,"column":10},"end":{"line":291,"column":59}},"134":{"start":{"line":294,"column":26},"end":{"line":294,"column":60}},"135":{"start":{"line":296,"column":8},"end":{"line":301,"column":10}},"136":{"start":{"line":303,"column":6},"end":{"line":303,"column":19}},"137":{"start":{"line":305,"column":4},"end":{"line":305,"column":29}},"138":{"start":{"line":306,"column":4},"end":{"line":306,"column":30}},"139":{"start":{"line":309,"column":22},"end":{"line":313,"column":3}},"140":{"start":{"line":310,"column":26},"end":{"line":310,"column":65}},"141":{"start":{"line":310,"column":49},"end":{"line":310,"column":64}},"142":{"start":{"line":311,"column":4},"end":{"line":311,"column":29}},"143":{"start":{"line":312,"column":4},"end":{"line":312,"column":30}},"144":{"start":{"line":315,"column":26},"end":{"line":322,"column":3}},"145":{"start":{"line":316,"column":18},"end":{"line":316,"column":37}},"146":{"start":{"line":317,"column":4},"end":{"line":321,"column":7}},"147":{"start":{"line":318,"column":6},"end":{"line":318,"column":51}},"148":{"start":{"line":318,"column":39},"end":{"line":318,"column":51}},"149":{"start":{"line":319,"column":6},"end":{"line":319,"column":93}},"150":{"start":{"line":319,"column":81},"end":{"line":319,"column":93}},"151":{"start":{"line":320,"column":6},"end":{"line":320,"column":19}},"152":{"start":{"line":324,"column":22},"end":{"line":324,"column":38}},"153":{"start":{"line":325,"column":23},"end":{"line":325,"column":115}},"154":{"start":{"line":326,"column":20},"end":{"line":326,"column":76}},"155":{"start":{"line":328,"column":23},"end":{"line":355,"column":4}},"156":{"start":{"line":328,"column":44},"end":{"line":347,"column":3}},"157":{"start":{"line":357,"column":2},"end":{"line":361,"column":4}},"158":{"start":{"line":364,"column":25},"end":{"line":370,"column":1}},"159":{"start":{"line":365,"column":18},"end":{"line":365,"column":42}},"160":{"start":{"line":366,"column":2},"end":{"line":368,"column":3}},"161":{"start":{"line":367,"column":4},"end":{"line":367,"column":69}},"162":{"start":{"line":369,"column":2},"end":{"line":369,"column":17}}},"fnMap":{"0":{"name":"(anonymous_0)","decl":{"start":{"line":49,"column":70},"end":{"line":49,"column":71}},"loc":{"start":{"line":49,"column":88},"end":{"line":362,"column":1}},"line":49},"1":{"name":"(anonymous_1)","decl":{"start":{"line":57,"column":12},"end":{"line":57,"column":13}},"loc":{"start":{"line":57,"column":18},"end":{"line":60,"column":3}},"line":57},"2":{"name":"(anonymous_2)","decl":{"start":{"line":64,"column":25},"end":{"line":64,"column":26}},"loc":{"start":{"line":64,"column":37},"end":{"line":83,"column":3}},"line":64},"3":{"name":"(anonymous_3)","decl":{"start":{"line":85,"column":31},"end":{"line":85,"column":32}},"loc":{"start":{"line":85,"column":43},"end":{"line":95,"column":3}},"line":85},"4":{"name":"(anonymous_4)","decl":{"start":{"line":97,"column":28},"end":{"line":97,"column":29}},"loc":{"start":{"line":97,"column":40},"end":{"line":107,"column":3}},"line":97},"5":{"name":"(anonymous_5)","decl":{"start":{"line":109,"column":19},"end":{"line":109,"column":20}},"loc":{"start":{"line":109,"column":31},"end":{"line":170,"column":3}},"line":109},"6":{"name":"(anonymous_6)","decl":{"start":{"line":172,"column":21},"end":{"line":172,"column":22}},"loc":{"start":{"line":172,"column":51},"end":{"line":178,"column":3}},"line":172},"7":{"name":"(anonymous_7)","decl":{"start":{"line":180,"column":20},"end":{"line":180,"column":21}},"loc":{"start":{"line":180,"column":32},"end":{"line":208,"column":3}},"line":180},"8":{"name":"(anonymous_8)","decl":{"start":{"line":201,"column":19},"end":{"line":201,"column":20}},"loc":{"start":{"line":201,"column":25},"end":{"line":203,"column":9}},"line":201},"9":{"name":"(anonymous_9)","decl":{"start":{"line":210,"column":20},"end":{"line":210,"column":21}},"loc":{"start":{"line":210,"column":48},"end":{"line":216,"column":3}},"line":210},"10":{"name":"(anonymous_10)","decl":{"start":{"line":218,"column":28},"end":{"line":218,"column":29}},"loc":{"start":{"line":218,"column":60},"end":{"line":226,"column":3}},"line":218},"11":{"name":"(anonymous_11)","decl":{"start":{"line":228,"column":19},"end":{"line":228,"column":20}},"loc":{"start":{"line":228,"column":97},"end":{"line":241,"column":3}},"line":228},"12":{"name":"(anonymous_12)","decl":{"start":{"line":236,"column":14},"end":{"line":236,"column":15}},"loc":{"start":{"line":236,"column":22},"end":{"line":240,"column":5}},"line":236},"13":{"name":"(anonymous_13)","decl":{"start":{"line":243,"column":28},"end":{"line":243,"column":29}},"loc":{"start":{"line":243,"column":109},"end":{"line":257,"column":3}},"line":243},"14":{"name":"(anonymous_14)","decl":{"start":{"line":244,"column":46},"end":{"line":244,"column":47}},"loc":{"start":{"line":244,"column":61},"end":{"line":250,"column":5}},"line":244},"15":{"name":"(anonymous_15)","decl":{"start":{"line":252,"column":14},"end":{"line":252,"column":15}},"loc":{"start":{"line":252,"column":22},"end":{"line":256,"column":5}},"line":252},"16":{"name":"(anonymous_16)","decl":{"start":{"line":259,"column":18},"end":{"line":259,"column":19}},"loc":{"start":{"line":259,"column":34},"end":{"line":263,"column":3}},"line":259},"17":{"name":"(anonymous_17)","decl":{"start":{"line":265,"column":21},"end":{"line":265,"column":22}},"loc":{"start":{"line":265,"column":44},"end":{"line":269,"column":3}},"line":265},"18":{"name":"(anonymous_18)","decl":{"start":{"line":266,"column":37},"end":{"line":266,"column":38}},"loc":{"start":{"line":266,"column":42},"end":{"line":266,"column":83}},"line":266},"19":{"name":"(anonymous_19)","decl":{"start":{"line":271,"column":21},"end":{"line":271,"column":22}},"loc":{"start":{"line":271,"column":37},"end":{"line":275,"column":3}},"line":271},"20":{"name":"(anonymous_20)","decl":{"start":{"line":272,"column":40},"end":{"line":272,"column":41}},"loc":{"start":{"line":272,"column":45},"end":{"line":272,"column":56}},"line":272},"21":{"name":"(anonymous_21)","decl":{"start":{"line":277,"column":32},"end":{"line":277,"column":33}},"loc":{"start":{"line":277,"column":62},"end":{"line":307,"column":3}},"line":277},"22":{"name":"(anonymous_22)","decl":{"start":{"line":278,"column":37},"end":{"line":278,"column":38}},"loc":{"start":{"line":278,"column":46},"end":{"line":304,"column":5}},"line":278},"23":{"name":"(anonymous_23)","decl":{"start":{"line":286,"column":58},"end":{"line":286,"column":59}},"loc":{"start":{"line":286,"column":63},"end":{"line":286,"column":73}},"line":286},"24":{"name":"(anonymous_24)","decl":{"start":{"line":287,"column":35},"end":{"line":287,"column":36}},"loc":{"start":{"line":287,"column":42},"end":{"line":287,"column":63}},"line":287},"25":{"name":"(anonymous_25)","decl":{"start":{"line":309,"column":22},"end":{"line":309,"column":23}},"loc":{"start":{"line":309,"column":38},"end":{"line":313,"column":3}},"line":309},"26":{"name":"(anonymous_26)","decl":{"start":{"line":310,"column":40},"end":{"line":310,"column":41}},"loc":{"start":{"line":310,"column":49},"end":{"line":310,"column":64}},"line":310},"27":{"name":"(anonymous_27)","decl":{"start":{"line":315,"column":26},"end":{"line":315,"column":27}},"loc":{"start":{"line":315,"column":32},"end":{"line":322,"column":3}},"line":315},"28":{"name":"(anonymous_28)","decl":{"start":{"line":317,"column":25},"end":{"line":317,"column":26}},"loc":{"start":{"line":317,"column":34},"end":{"line":321,"column":5}},"line":317},"29":{"name":"(anonymous_29)","decl":{"start":{"line":328,"column":37},"end":{"line":328,"column":38}},"loc":{"start":{"line":328,"column":44},"end":{"line":347,"column":3}},"line":328},"30":{"name":"(anonymous_30)","decl":{"start":{"line":364,"column":25},"end":{"line":364,"column":26}},"loc":{"start":{"line":364,"column":31},"end":{"line":370,"column":1}},"line":364}},"branchMap":{"0":{"loc":{"start":{"line":70,"column":6},"end":{"line":77,"column":7}},"type":"if","locations":[{"start":{"line":70,"column":6},"end":{"line":77,"column":7}},{"start":{"line":74,"column":13},"end":{"line":77,"column":7}}],"line":70},"1":{"loc":{"start":{"line":70,"column":10},"end":{"line":70,"column":69}},"type":"binary-expr","locations":[{"start":{"line":70,"column":10},"end":{"line":70,"column":30}},{"start":{"line":70,"column":34},"end":{"line":70,"column":44}},{"start":{"line":70,"column":48},"end":{"line":70,"column":69}}],"line":70},"2":{"loc":{"start":{"line":81,"column":6},"end":{"line":81,"column":45}},"type":"if","locations":[{"start":{"line":81,"column":6},"end":{"line":81,"column":45}},{"start":{},"end":{}}],"line":81},"3":{"loc":{"start":{"line":98,"column":4},"end":{"line":98,"column":53}},"type":"if","locations":[{"start":{"line":98,"column":4},"end":{"line":98,"column":53}},{"start":{},"end":{}}],"line":98},"4":{"loc":{"start":{"line":98,"column":8},"end":{"line":98,"column":44}},"type":"binary-expr","locations":[{"start":{"line":98,"column":8},"end":{"line":98,"column":28}},{"start":{"line":98,"column":32},"end":{"line":98,"column":44}}],"line":98},"5":{"loc":{"start":{"line":104,"column":23},"end":{"line":104,"column":46}},"type":"binary-expr","locations":[{"start":{"line":104,"column":23},"end":{"line":104,"column":41}},{"start":{"line":104,"column":45},"end":{"line":104,"column":46}}],"line":104},"6":{"loc":{"start":{"line":105,"column":22},"end":{"line":105,"column":63}},"type":"binary-expr","locations":[{"start":{"line":105,"column":22},"end":{"line":105,"column":58}},{"start":{"line":105,"column":62},"end":{"line":105,"column":63}}],"line":105},"7":{"loc":{"start":{"line":117,"column":6},"end":{"line":120,"column":7}},"type":"if","locations":[{"start":{"line":117,"column":6},"end":{"line":120,"column":7}},{"start":{},"end":{}}],"line":117},"8":{"loc":{"start":{"line":122,"column":6},"end":{"line":124,"column":7}},"type":"if","locations":[{"start":{"line":122,"column":6},"end":{"line":124,"column":7}},{"start":{},"end":{}}],"line":122},"9":{"loc":{"start":{"line":126,"column":6},"end":{"line":164,"column":7}},"type":"if","locations":[{"start":{"line":126,"column":6},"end":{"line":164,"column":7}},{"start":{},"end":{}}],"line":126},"10":{"loc":{"start":{"line":129,"column":14},"end":{"line":160,"column":15}},"type":"if","locations":[{"start":{"line":129,"column":14},"end":{"line":160,"column":15}},{"start":{},"end":{}}],"line":129},"11":{"loc":{"start":{"line":129,"column":18},"end":{"line":129,"column":71}},"type":"binary-expr","locations":[{"start":{"line":129,"column":18},"end":{"line":129,"column":48}},{"start":{"line":129,"column":52},"end":{"line":129,"column":71}}],"line":129},"12":{"loc":{"start":{"line":131,"column":18},"end":{"line":133,"column":19}},"type":"if","locations":[{"start":{"line":131,"column":18},"end":{"line":133,"column":19}},{"start":{},"end":{}}],"line":131},"13":{"loc":{"start":{"line":136,"column":18},"end":{"line":138,"column":19}},"type":"if","locations":[{"start":{"line":136,"column":18},"end":{"line":138,"column":19}},{"start":{},"end":{}}],"line":136},"14":{"loc":{"start":{"line":141,"column":18},"end":{"line":155,"column":19}},"type":"if","locations":[{"start":{"line":141,"column":18},"end":{"line":155,"column":19}},{"start":{"line":148,"column":25},"end":{"line":155,"column":19}}],"line":141},"15":{"loc":{"start":{"line":141,"column":22},"end":{"line":141,"column":85}},"type":"binary-expr","locations":[{"start":{"line":141,"column":22},"end":{"line":141,"column":54}},{"start":{"line":141,"column":58},"end":{"line":141,"column":85}}],"line":141},"16":{"loc":{"start":{"line":148,"column":25},"end":{"line":155,"column":19}},"type":"if","locations":[{"start":{"line":148,"column":25},"end":{"line":155,"column":19}},{"start":{},"end":{}}],"line":148},"17":{"loc":{"start":{"line":266,"column":42},"end":{"line":266,"column":83}},"type":"cond-expr","locations":[{"start":{"line":266,"column":68},"end":{"line":266,"column":79}},{"start":{"line":266,"column":82},"end":{"line":266,"column":83}}],"line":266},"18":{"loc":{"start":{"line":279,"column":6},"end":{"line":302,"column":7}},"type":"if","locations":[{"start":{"line":279,"column":6},"end":{"line":302,"column":7}},{"start":{},"end":{}}],"line":279},"19":{"loc":{"start":{"line":282,"column":22},"end":{"line":282,"column":38}},"type":"binary-expr","locations":[{"start":{"line":282,"column":22},"end":{"line":282,"column":32}},{"start":{"line":282,"column":36},"end":{"line":282,"column":38}}],"line":282},"20":{"loc":{"start":{"line":284,"column":8},"end":{"line":292,"column":9}},"type":"if","locations":[{"start":{"line":284,"column":8},"end":{"line":292,"column":9}},{"start":{"line":288,"column":15},"end":{"line":292,"column":9}}],"line":284},"21":{"loc":{"start":{"line":318,"column":6},"end":{"line":318,"column":51}},"type":"if","locations":[{"start":{"line":318,"column":6},"end":{"line":318,"column":51}},{"start":{},"end":{}}],"line":318},"22":{"loc":{"start":{"line":319,"column":6},"end":{"line":319,"column":93}},"type":"if","locations":[{"start":{"line":319,"column":6},"end":{"line":319,"column":93}},{"start":{},"end":{}}],"line":319},"23":{"loc":{"start":{"line":319,"column":10},"end":{"line":319,"column":79}},"type":"binary-expr","locations":[{"start":{"line":319,"column":10},"end":{"line":319,"column":40}},{"start":{"line":319,"column":44},"end":{"line":319,"column":79}}],"line":319},"24":{"loc":{"start":{"line":325,"column":23},"end":{"line":325,"column":115}},"type":"cond-expr","locations":[{"start":{"line":325,"column":58},"end":{"line":325,"column":80}},{"start":{"line":325,"column":85},"end":{"line":325,"column":114}}],"line":325},"25":{"loc":{"start":{"line":325,"column":58},"end":{"line":325,"column":80}},"type":"binary-expr","locations":[{"start":{"line":325,"column":58},"end":{"line":325,"column":69}},{"start":{"line":325,"column":73},"end":{"line":325,"column":80}}],"line":325},"26":{"loc":{"start":{"line":325,"column":85},"end":{"line":325,"column":114}},"type":"binary-expr","locations":[{"start":{"line":325,"column":85},"end":{"line":325,"column":103}},{"start":{"line":325,"column":107},"end":{"line":325,"column":114}}],"line":325},"27":{"loc":{"start":{"line":366,"column":2},"end":{"line":368,"column":3}},"type":"if","locations":[{"start":{"line":366,"column":2},"end":{"line":368,"column":3}},{"start":{},"end":{}}],"line":366}},"s":{"0":0,"1":0,"2":0,"3":0,"4":0,"5":0,"6":0,"7":0,"8":0,"9":0,"10":0,"11":0,"12":0,"13":0,"14":0,"15":0,"16":0,"17":0,"18":0,"19":0,"20":0,"21":0,"22":0,"23":0,"24":0,"25":0,"26":0,"27":0,"28":0,"29":0,"30":0,"31":0,"32":0,"33":0,"34":0,"35":0,"36":0,"37":0,"38":0,"39":0,"40":0,"41":0,"42":0,"43":0,"44":0,"45":0,"46":0,"47":0,"48":0,"49":0,"50":0,"51":0,"52":0,"53":0,"54":0,"55":0,"56":0,"57":0,"58":0,"59":0,"60":0,"61":0,"62":0,"63":0,"64":0,"65":0,"66":0,"67":0,"68":0,"69":0,"70":0,"71":0,"72":0,"73":0,"74":0,"75":0,"76":0,"77":0,"78":0,"79":0,"80":0,"81":0,"82":0,"83":0,"84":0,"85":0,"86":0,"87":0,"88":0,"89":0,"90":0,"91":0,"92":0,"93":0,"94":0,"95":0,"96":0,"97":0,"98":0,"99":0,"100":0,"101":0,"102":0,"103":0,"104":0,"105":0,"106":0,"107":0,"108":0,"109":0,"110":0,"111":0,"112":0,"113":0,"114":0,"115":0,"116":0,"117":0,"118":0,"119":0,"120":0,"121":0,"122":0,"123":0,"124":0,"125":0,"126":0,"127":0,"128":0,"129":0,"130":0,"131":0,"132":0,"133":0,"134":0,"135":0,"136":0,"137":0,"138":0,"139":0,"140":0,"141":0,"142":0,"143":0,"144":0,"145":0,"146":0,"147":0,"148":0,"149":0,"150":0,"151":0,"152":0,"153":0,"154":0,"155":0,"156":0,"157":0,"158":0,"159":0,"160":0,"161":0,"162":0},"f":{"0":0,"1":0,"2":0,"3":0,"4":0,"5":0,"6":0,"7":0,"8":0,"9":0,"10":0,"11":0,"12":0,"13":0,"14":0,"15":0,"16":0,"17":0,"18":0,"19":0,"20":0,"21":0,"22":0,"23":0,"24":0,"25":0,"26":0,"27":0,"28":0,"29":0,"30":0},"b":{"0":[0,0],"1":[0,0,0],"2":[0,0],"3":[0,0],"4":[0,0],"5":[0,0],"6":[0,0],"7":[0,0],"8":[0,0],"9":[0,0],"10":[0,0],"11":[0,0],"12":[0,0],"13":[0,0],"14":[0,0],"15":[0,0],"16":[0,0],"17":[0,0],"18":[0,0],"19":[0,0],"20":[0,0],"21":[0,0],"22":[0,0],"23":[0,0],"24":[0,0],"25":[0,0],"26":[0,0],"27":[0,0]}}
,"C:\\Users\\Yusuf\\Desktop\\HedefimBugun\\src\\hooks\\useCountdown.ts": {"path":"C:\\Users\\Yusuf\\Desktop\\HedefimBugun\\src\\hooks\\useCountdown.ts","statementMap":{"0":{"start":{"line":12,"column":28},"end":{"line":41,"column":1}},"1":{"start":{"line":13,"column":28},"end":{"line":28,"column":3}},"2":{"start":{"line":14,"column":23},"end":{"line":14,"column":76}},"3":{"start":{"line":16,"column":4},"end":{"line":18,"column":5}},"4":{"start":{"line":17,"column":6},"end":{"line":17,"column":93}},"5":{"start":{"line":20,"column":4},"end":{"line":27,"column":6}},"6":{"start":{"line":30,"column":34},"end":{"line":30,"column":73}},"7":{"start":{"line":32,"column":2},"end":{"line":38,"column":19}},"8":{"start":{"line":33,"column":18},"end":{"line":35,"column":12}},"9":{"start":{"line":34,"column":6},"end":{"line":34,"column":39}},"10":{"start":{"line":37,"column":4},"end":{"line":37,"column":38}},"11":{"start":{"line":37,"column":17},"end":{"line":37,"column":37}},"12":{"start":{"line":40,"column":2},"end":{"line":40,"column":18}}},"fnMap":{"0":{"name":"(anonymous_0)","decl":{"start":{"line":12,"column":28},"end":{"line":12,"column":29}},"loc":{"start":{"line":12,"column":62},"end":{"line":41,"column":1}},"line":12},"1":{"name":"(anonymous_1)","decl":{"start":{"line":13,"column":28},"end":{"line":13,"column":29}},"loc":{"start":{"line":13,"column":44},"end":{"line":28,"column":3}},"line":13},"2":{"name":"(anonymous_2)","decl":{"start":{"line":32,"column":12},"end":{"line":32,"column":13}},"loc":{"start":{"line":32,"column":18},"end":{"line":38,"column":3}},"line":32},"3":{"name":"(anonymous_3)","decl":{"start":{"line":33,"column":30},"end":{"line":33,"column":31}},"loc":{"start":{"line":33,"column":36},"end":{"line":35,"column":5}},"line":33},"4":{"name":"(anonymous_4)","decl":{"start":{"line":37,"column":11},"end":{"line":37,"column":12}},"loc":{"start":{"line":37,"column":17},"end":{"line":37,"column":37}},"line":37}},"branchMap":{"0":{"loc":{"start":{"line":16,"column":4},"end":{"line":18,"column":5}},"type":"if","locations":[{"start":{"line":16,"column":4},"end":{"line":18,"column":5}},{"start":{},"end":{}}],"line":16}},"s":{"0":0,"1":0,"2":0,"3":0,"4":0,"5":0,"6":0,"7":0,"8":0,"9":0,"10":0,"11":0,"12":0},"f":{"0":0,"1":0,"2":0,"3":0,"4":0},"b":{"0":[0,0]}}
,"C:\\Users\\Yusuf\\Desktop\\HedefimBugun\\src\\hooks\\useStepGarden.ts": {"path":"C:\\Users\\Yusuf\\Desktop\\HedefimBugun\\src\\hooks\\useStepGarden.ts","statementMap":{"0":{"start":{"line":8,"column":27},"end":{"line":8,"column":41}},"1":{"start":{"line":9,"column":31},"end":{"line":9,"column":51}},"2":{"start":{"line":17,"column":29},"end":{"line":265,"column":1}},"3":{"start":{"line":18,"column":28},"end":{"line":18,"column":39}},"4":{"start":{"line":19,"column":58},"end":{"line":19,"column":100}},"5":{"start":{"line":20,"column":50},"end":{"line":20,"column":113}},"6":{"start":{"line":21,"column":42},"end":{"line":21,"column":57}},"7":{"start":{"line":24,"column":27},"end":{"line":24,"column":54}},"8":{"start":{"line":25,"column":28},"end":{"line":25,"column":45}},"9":{"start":{"line":26,"column":19},"end":{"line":26,"column":64}},"10":{"start":{"line":27,"column":23},"end":{"line":27,"column":66}},"11":{"start":{"line":29,"column":2},"end":{"line":39,"column":9}},"12":{"start":{"line":31,"column":4},"end":{"line":31,"column":32}},"13":{"start":{"line":34,"column":25},"end":{"line":34,"column":82}},"14":{"start":{"line":35,"column":4},"end":{"line":38,"column":6}},"15":{"start":{"line":36,"column":8},"end":{"line":36,"column":30}},"16":{"start":{"line":37,"column":8},"end":{"line":37,"column":24}},"17":{"start":{"line":41,"column":31},"end":{"line":54,"column":3}},"18":{"start":{"line":42,"column":6},"end":{"line":45,"column":7}},"19":{"start":{"line":44,"column":10},"end":{"line":44,"column":36}},"20":{"start":{"line":46,"column":6},"end":{"line":52,"column":7}},"21":{"start":{"line":49,"column":10},"end":{"line":51,"column":11}},"22":{"start":{"line":50,"column":14},"end":{"line":50,"column":32}},"23":{"start":{"line":53,"column":6},"end":{"line":53,"column":38}},"24":{"start":{"line":56,"column":36},"end":{"line":113,"column":3}},"25":{"start":{"line":57,"column":4},"end":{"line":112,"column":5}},"26":{"start":{"line":58,"column":6},"end":{"line":80,"column":7}},"27":{"start":{"line":59,"column":26},"end":{"line":59,"column":63}},"28":{"start":{"line":60,"column":8},"end":{"line":79,"column":9}},"29":{"start":{"line":61,"column":12},"end":{"line":61,"column":42}},"30":{"start":{"line":63,"column":12},"end":{"line":77,"column":13}},"31":{"start":{"line":64,"column":32},"end":{"line":66,"column":17}},"32":{"start":{"line":67,"column":16},"end":{"line":73,"column":17}},"33":{"start":{"line":68,"column":20},"end":{"line":68,"column":51}},"34":{"start":{"line":69,"column":20},"end":{"line":69,"column":36}},"35":{"start":{"line":71,"column":20},"end":{"line":71,"column":50}},"36":{"start":{"line":72,"column":20},"end":{"line":72,"column":43}},"37":{"start":{"line":75,"column":16},"end":{"line":75,"column":47}},"38":{"start":{"line":76,"column":16},"end":{"line":76,"column":32}},"39":{"start":{"line":78,"column":12},"end":{"line":78,"column":19}},"40":{"start":{"line":82,"column":26},"end":{"line":82,"column":60}},"41":{"start":{"line":83,"column":6},"end":{"line":83,"column":43}},"42":{"start":{"line":85,"column":6},"end":{"line":107,"column":7}},"43":{"start":{"line":86,"column":23},"end":{"line":86,"column":60}},"44":{"start":{"line":87,"column":10},"end":{"line":104,"column":11}},"45":{"start":{"line":88,"column":14},"end":{"line":88,"column":45}},"46":{"start":{"line":89,"column":14},"end":{"line":89,"column":30}},"47":{"start":{"line":91,"column":14},"end":{"line":103,"column":15}},"48":{"start":{"line":92,"column":34},"end":{"line":92,"column":75}},"49":{"start":{"line":93,"column":18},"end":{"line":99,"column":19}},"50":{"start":{"line":94,"column":22},"end":{"line":94,"column":53}},"51":{"start":{"line":95,"column":22},"end":{"line":95,"column":38}},"52":{"start":{"line":97,"column":22},"end":{"line":97,"column":52}},"53":{"start":{"line":98,"column":22},"end":{"line":98,"column":45}},"54":{"start":{"line":101,"column":18},"end":{"line":101,"column":48}},"55":{"start":{"line":102,"column":18},"end":{"line":102,"column":41}},"56":{"start":{"line":106,"column":10},"end":{"line":106,"column":33}},"57":{"start":{"line":109,"column":6},"end":{"line":109,"column":50}},"58":{"start":{"line":110,"column":6},"end":{"line":110,"column":37}},"59":{"start":{"line":111,"column":6},"end":{"line":111,"column":29}},"60":{"start":{"line":115,"column":31},"end":{"line":123,"column":3}},"61":{"start":{"line":116,"column":6},"end":{"line":116,"column":28}},"62":{"start":{"line":118,"column":20},"end":{"line":118,"column":58}},"63":{"start":{"line":119,"column":20},"end":{"line":119,"column":79}},"64":{"start":{"line":120,"column":6},"end":{"line":122,"column":7}},"65":{"start":{"line":121,"column":10},"end":{"line":121,"column":40}},"66":{"start":{"line":125,"column":24},"end":{"line":145,"column":3}},"67":{"start":{"line":127,"column":20},"end":{"line":127,"column":58}},"68":{"start":{"line":128,"column":23},"end":{"line":128,"column":82}},"69":{"start":{"line":129,"column":23},"end":{"line":129,"column":60}},"70":{"start":{"line":132,"column":6},"end":{"line":132,"column":27}},"71":{"start":{"line":133,"column":6},"end":{"line":133,"column":45}},"72":{"start":{"line":135,"column":6},"end":{"line":144,"column":7}},"73":{"start":{"line":136,"column":10},"end":{"line":136,"column":28}},"74":{"start":{"line":138,"column":28},"end":{"line":138,"column":65}},"75":{"start":{"line":139,"column":10},"end":{"line":143,"column":11}},"76":{"start":{"line":140,"column":14},"end":{"line":140,"column":43}},"77":{"start":{"line":142,"column":14},"end":{"line":142,"column":47}},"78":{"start":{"line":147,"column":37},"end":{"line":159,"column":3}},"79":{"start":{"line":149,"column":6},"end":{"line":149,"column":40}},"80":{"start":{"line":152,"column":27},"end":{"line":152,"column":60}},"81":{"start":{"line":153,"column":6},"end":{"line":153,"column":29}},"82":{"start":{"line":156,"column":6},"end":{"line":158,"column":9}},"83":{"start":{"line":157,"column":10},"end":{"line":157,"column":32}},"84":{"start":{"line":162,"column":26},"end":{"line":176,"column":3}},"85":{"start":{"line":163,"column":20},"end":{"line":163,"column":30}},"86":{"start":{"line":164,"column":6},"end":{"line":164,"column":33}},"87":{"start":{"line":165,"column":18},"end":{"line":165,"column":28}},"88":{"start":{"line":167,"column":6},"end":{"line":175,"column":7}},"89":{"start":{"line":168,"column":25},"end":{"line":168,"column":70}},"90":{"start":{"line":169,"column":10},"end":{"line":172,"column":11}},"91":{"start":{"line":170,"column":14},"end":{"line":170,"column":37}},"92":{"start":{"line":171,"column":14},"end":{"line":171,"column":47}},"93":{"start":{"line":174,"column":10},"end":{"line":174,"column":52}},"94":{"start":{"line":179,"column":31},"end":{"line":209,"column":3}},"95":{"start":{"line":180,"column":6},"end":{"line":182,"column":7}},"96":{"start":{"line":181,"column":10},"end":{"line":181,"column":40}},"97":{"start":{"line":184,"column":6},"end":{"line":184,"column":38}},"98":{"start":{"line":186,"column":6},"end":{"line":208,"column":9}},"99":{"start":{"line":189,"column":8},"end":{"line":191,"column":9}},"100":{"start":{"line":190,"column":12},"end":{"line":190,"column":52}},"101":{"start":{"line":194,"column":8},"end":{"line":196,"column":9}},"102":{"start":{"line":195,"column":12},"end":{"line":195,"column":52}},"103":{"start":{"line":198,"column":22},"end":{"line":198,"column":61}},"104":{"start":{"line":199,"column":25},"end":{"line":199,"column":42}},"105":{"start":{"line":202,"column":8},"end":{"line":207,"column":9}},"106":{"start":{"line":203,"column":12},"end":{"line":203,"column":31}}
[...]
":2},"end":{"line":24,"column":3}},"type":"if","locations":[{"start":{"line":21,"column":2},"end":{"line":24,"column":3}},{"start":{},"end":{}}],"line":21},"1":{"loc":{"start":{"line":26,"column":2},"end":{"line":29,"column":3}},"type":"if","locations":[{"start":{"line":26,"column":2},"end":{"line":29,"column":3}},{"start":{},"end":{}}],"line":26},"2":{"loc":{"start":{"line":31,"column":2},"end":{"line":38,"column":3}},"type":"if","locations":[{"start":{"line":31,"column":2},"end":{"line":38,"column":3}},{"start":{},"end":{}}],"line":31},"3":{"loc":{"start":{"line":47,"column":2},"end":{"line":50,"column":3}},"type":"if","locations":[{"start":{"line":47,"column":2},"end":{"line":50,"column":3}},{"start":{},"end":{}}],"line":47},"4":{"loc":{"start":{"line":47,"column":6},"end":{"line":47,"column":54}},"type":"binary-expr","locations":[{"start":{"line":47,"column":6},"end":{"line":47,"column":23}},{"start":{"line":47,"column":27},"end":{"line":47,"column":54}}],"line":47},"5":{"loc":{"start":{"line":53,"column":2},"end":{"line":53,"column":29}},"type":"if","locations":[{"start":{"line":53,"column":2},"end":{"line":53,"column":29}},{"start":{},"end":{}}],"line":53},"6":{"loc":{"start":{"line":62,"column":2},"end":{"line":70,"column":3}},"type":"if","locations":[{"start":{"line":62,"column":2},"end":{"line":70,"column":3}},{"start":{},"end":{}}],"line":62},"7":{"loc":{"start":{"line":62,"column":6},"end":{"line":62,"column":50}},"type":"binary-expr","locations":[{"start":{"line":62,"column":6},"end":{"line":62,"column":29}},{"start":{"line":62,"column":33},"end":{"line":62,"column":50}}],"line":62},"8":{"loc":{"start":{"line":65,"column":5},"end":{"line":69,"column":6}},"type":"if","locations":[{"start":{"line":65,"column":5},"end":{"line":69,"column":6}},{"start":{},"end":{}}],"line":65},"9":{"loc":{"start":{"line":97,"column":4},"end":{"line":97,"column":31}},"type":"if","locations":[{"start":{"line":97,"column":4},"end":{"line":97,"column":31}},{"start":{},"end":{}}],"line":97},"10":{"loc":{"start":{"line":102,"column":4},"end":{"line":111,"column":5}},"type":"if","locations":[{"start":{"line":102,"column":4},"end":{"line":111,"column":5}},{"start":{},"end":{}}],"line":102},"11":{"loc":{"start":{"line":115,"column":4},"end":{"line":124,"column":5}},"type":"if","locations":[{"start":{"line":115,"column":4},"end":{"line":124,"column":5}},{"start":{},"end":{}}],"line":115},"12":{"loc":{"start":{"line":128,"column":4},"end":{"line":137,"column":5}},"type":"if","locations":[{"start":{"line":128,"column":4},"end":{"line":137,"column":5}},{"start":{},"end":{}}],"line":128}},"s":{"0":0,"1":0,"2":0,"3":0,"4":0,"5":0,"6":0,"7":0,"8":0,"9":0,"10":0,"11":0,"12":0,"13":0,"14":0,"15":0,"16":0,"17":0,"18":0,"19":0,"20":0,"21":0,"22":0,"23":0,"24":0,"25":0,"26":0,"27":0,"28":0,"29":0,"30":0,"31":0,"32":0,"33":0,"34":0,"35":0,"36":0,"37":0,"38":0,"39":0,"40":0,"41":0,"42":0,"43":0,"44":0,"45":0,"46":0},"f":{"0":0,"1":0,"2":0,"3":0,"4":0},"b":{"0":[0,0],"1":[0,0],"2":[0,0],"3":[0,0],"4":[0,0],"5":[0,0],"6":[0,0],"7":[0,0],"8":[0,0],"9":[0,0],"10":[0,0],"11":[0,0],"12":[0,0]}}
,"C:\\Users\\Yusuf\\Desktop\\HedefimBugun\\src\\utils\\streak.ts": {"path":"C:\\Users\\Yusuf\\Desktop\\HedefimBugun\\src\\utils\\streak.ts","statementMap":{"0":{"start":{"line":1,"column":31},"end":{"line":37,"column":1}},"1":{"start":{"line":2,"column":2},"end":{"line":2,"column":63}},"2":{"start":{"line":2,"column":54},"end":{"line":2,"column":63}},"3":{"start":{"line":5,"column":22},"end":{"line":5,"column":103}},"4":{"start":{"line":5,"column":57},"end":{"line":5,"column":102}},"5":{"start":{"line":7,"column":16},"end":{"line":7,"column":54}},"6":{"start":{"line":8,"column":24},"end":{"line":8,"column":34}},"7":{"start":{"line":9,"column":2},"end":{"line":9,"column":53}},"8":{"start":{"line":10,"column":20},"end":{"line":10,"column":61}},"9":{"start":{"line":14,"column":25},"end":{"line":14,"column":39}},"10":{"start":{"line":15,"column":2},"end":{"line":17,"column":3}},"11":{"start":{"line":16,"column":4},"end":{"line":16,"column":13}},"12":{"start":{"line":19,"column":15},"end":{"line":19,"column":16}},"13":{"start":{"line":20,"column":26},"end":{"line":20,"column":40}},"14":{"start":{"line":23,"column":2},"end":{"line":34,"column":3}},"15":{"start":{"line":23,"column":15},"end":{"line":23,"column":16}},"16":{"start":{"line":24,"column":21},"end":{"line":24,"column":48}},"17":{"start":{"line":25,"column":4},"end":{"line":25,"column":45}},"18":{"start":{"line":26,"column":29},"end":{"line":26,"column":65}},"19":{"start":{"line":28,"column":4},"end":{"line":33,"column":5}},"20":{"start":{"line":29,"column":6},"end":{"line":29,"column":15}},"21":{"start":{"line":30,"column":6},"end":{"line":30,"column":43}},"22":{"start":{"line":32,"column":6},"end":{"line":32,"column":12}},"23":{"start":{"line":36,"column":2},"end":{"line":36,"column":16}}},"fnMap":{"0":{"name":"(anonymous_0)","decl":{"start":{"line":1,"column":31},"end":{"line":1,"column":32}},"loc":{"start":{"line":1,"column":69},"end":{"line":37,"column":1}},"line":1},"1":{"name":"(anonymous_1)","decl":{"start":{"line":5,"column":47},"end":{"line":5,"column":48}},"loc":{"start":{"line":5,"column":57},"end":{"line":5,"column":102}},"line":5}},"branchMap":{"0":{"loc":{"start":{"line":2,"column":2},"end":{"line":2,"column":63}},"type":"if","locations":[{"start":{"line":2,"column":2},"end":{"line":2,"column":63}},{"start":{},"end":{}}],"line":2},"1":{"loc":{"start":{"line":2,"column":6},"end":{"line":2,"column":52}},"type":"binary-expr","locations":[{"start":{"line":2,"column":6},"end":{"line":2,"column":21}},{"start":{"line":2,"column":25},"end":{"line":2,"column":52}}],"line":2},"2":{"loc":{"start":{"line":15,"column":2},"end":{"line":17,"column":3}},"type":"if","locations":[{"start":{"line":15,"column":2},"end":{"line":17,"column":3}},{"start":{},"end":{}}],"line":15},"3":{"loc":{"start":{"line":15,"column":6},"end":{"line":15,"column":62}},"type":"binary-expr","locations":[{"start":{"line":15,"column":6},"end":{"line":15,"column":30}},{"start":{"line":15,"column":34},"end":{"line":15,"column":62}}],"line":15},"4":{"loc":{"start":{"line":28,"column":4},"end":{"line":33,"column":5}},"type":"if","locations":[{"start":{"line":28,"column":4},"end":{"line":33,"column":5}},{"start":{"line":31,"column":11},"end":{"line":33,"column":5}}],"line":28}},"s":{"0":0,"1":0,"2":0,"3":0,"4":0,"5":0,"6":0,"7":0,"8":0,"9":0,"10":0,"11":0,"12":0,"13":0,"14":0,"15":0,"16":0,"17":0,"18":0,"19":0,"20":0,"21":0,"22":0,"23":0},"f":{"0":0,"1":0},"b":{"0":[0,0],"1":[0,0],"2":[0,0],"3":[0,0],"4":[0,0]}}
,"C:\\Users\\Yusuf\\Desktop\\HedefimBugun\\src\\utils\\suggestions.ts": {"path":"C:\\Users\\Yusuf\\Desktop\\HedefimBugun\\src\\utils\\suggestions.ts","statementMap":{"0":{"start":{"line":13,"column":36},"end":{"line":78,"column":1}},"1":{"start":{"line":80,"column":35},"end":{"line":99,"column":1}},"2":{"start":{"line":82,"column":24},"end":{"line":82,"column":69}},"3":{"start":{"line":82,"column":47},"end":{"line":82,"column":68}},"4":{"start":{"line":85,"column":22},"end":{"line":95,"column":4}},"5":{"start":{"line":88,"column":4},"end":{"line":88,"column":113}},"6":{"start":{"line":88,"column":58},"end":{"line":88,"column":97}},"7":{"start":{"line":88,"column":100},"end":{"line":88,"column":113}},"8":{"start":{"line":89,"column":4},"end":{"line":89,"column":136}},"9":{"start":{"line":89,"column":58},"end":{"line":89,"column":120}},"10":{"start":{"line":89,"column":123},"end":{"line":89,"column":136}},"11":{"start":{"line":90,"column":4},"end":{"line":90,"column":135}},"12":{"start":{"line":90,"column":58},"end":{"line":90,"column":119}},"13":{"start":{"line":90,"column":122},"end":{"line":90,"column":135}},"14":{"start":{"line":91,"column":4},"end":{"line":91,"column":114}},"15":{"start":{"line":91,"column":58},"end":{"line":91,"column":98}},"16":{"start":{"line":91,"column":101},"end":{"line":91,"column":114}},"17":{"start":{"line":92,"column":4},"end":{"line":92,"column":121}},"18":{"start":{"line":92,"column":58},"end":{"line":92,"column":105}},"19":{"start":{"line":92,"column":108},"end":{"line":92,"column":121}},"20":{"start":{"line":94,"column":4},"end":{"line":94,"column":16}},"21":{"start":{"line":98,"column":2},"end":{"line":98,"column":33}}},"fnMap":{"0":{"name":"(anonymous_0)","decl":{"start":{"line":80,"column":35},"end":{"line":80,"column":36}},"loc":{"start":{"line":80,"column":77},"end":{"line":99,"column":1}},"line":80},"1":{"name":"(anonymous_1)","decl":{"start":{"line":82,"column":42},"end":{"line":82,"column":43}},"loc":{"start":{"line":82,"column":47},"end":{"line":82,"column":68}},"line":82},"2":{"name":"(anonymous_2)","decl":{"start":{"line":85,"column":43},"end":{"line":85,"column":44}},"loc":{"start":{"line":85,"column":57},"end":{"line":95,"column":3}},"line":85},"3":{"name":"(anonymous_3)","decl":{"start":{"line":88,"column":53},"end":{"line":88,"column":54}},"loc":{"start":{"line":88,"column":58},"end":{"line":88,"column":97}},"line":88},"4":{"name":"(anonymous_4)","decl":{"start":{"line":89,"column":53},"end":{"line":89,"column":54}},"loc":{"start":{"line":89,"column":58},"end":{"line":89,"column":120}},"line":89},"5":{"name":"(anonymous_5)","decl":{"start":{"line":90,"column":53},"end":{"line":90,"column":54}},"loc":{"start":{"line":90,"column":58},"end":{"line":90,"column":119}},"line":90},"6":{"name":"(anonymous_6)","decl":{"start":{"line":91,"column":53},"end":{"line":91,"column":54}},"loc":{"start":{"line":91,"column":58},"end":{"line":91,"column":98}},"line":91},"7":{"name":"(anonymous_7)","decl":{"start":{"line":92,"column":53},"end":{"line":92,"column":54}},"loc":{"start":{"line":92,"column":58},"end":{"line":92,"column":105}},"line":92}},"branchMap":{"0":{"loc":{"start":{"line":88,"column":4},"end":{"line":88,"column":113}},"type":"if","locations":[{"start":{"line":88,"column":4},"end":{"line":88,"column":113}},{"start":{},"end":{}}],"line":88},"1":{"loc":{"start":{"line":88,"column":8},"end":{"line":88,"column":98}},"type":"binary-expr","locations":[{"start":{"line":88,"column":8},"end":{"line":88,"column":30}},{"start":{"line":88,"column":34},"end":{"line":88,"column":98}}],"line":88},"2":{"loc":{"start":{"line":88,"column":58},"end":{"line":88,"column":97}},"type":"binary-expr","locations":[{"start":{"line":88,"column":58},"end":{"line":88,"column":74}},{"start":{"line":88,"column":78},"end":{"line":88,"column":97}}],"line":88},"3":{"loc":{"start":{"line":89,"column":4},"end":{"line":89,"column":136}},"type":"if","locations":[{"start":{"line":89,"column":4},"end":{"line":89,"column":136}},{"start":{},"end":{}}],"line":89},"4":{"loc":{"start":{"line":89,"column":8},"end":{"line":89,"column":121}},"type":"binary-expr","locations":[{"start":{"line":89,"column":8},"end":{"line":89,"column":30}},{"start":{"line":89,"column":34},"end":{"line":89,"column":121}}],"line":89},"5":{"loc":{"start":{"line":89,"column":58},"end":{"line":89,"column":120}},"type":"binary-expr","locations":[{"start":{"line":89,"column":58},"end":{"line":89,"column":75}},{"start":{"line":89,"column":79},"end":{"line":89,"column":97}},{"start":{"line":89,"column":101},"end":{"line":89,"column":120}}],"line":89},"6":{"loc":{"start":{"line":90,"column":4},"end":{"line":90,"column":135}},"type":"if","locations":[{"start":{"line":90,"column":4},"end":{"line":90,"column":135}},{"start":{},"end":{}}],"line":90},"7":{"loc":{"start":{"line":90,"column":8},"end":{"line":90,"column":120}},"type":"binary-expr","locations":[{"start":{"line":90,"column":8},"end":{"line":90,"column":30}},{"start":{"line":90,"column":34},"end":{"line":90,"column":120}}],"line":90},"8":{"loc":{"start":{"line":90,"column":58},"end":{"line":90,"column":119}},"type":"binary-expr","locations":[{"start":{"line":90,"column":58},"end":{"line":90,"column":76}},{"start":{"line":90,"column":80},"end":{"line":90,"column":97}},{"start":{"line":90,"column":101},"end":{"line":90,"column":119}}],"line":90},"9":{"loc":{"start":{"line":91,"column":4},"end":{"line":91,"column":114}},"type":"if","locations":[{"start":{"line":91,"column":4},"end":{"line":91,"column":114}},{"start":{},"end":{}}],"line":91},"10":{"loc":{"start":{"line":91,"column":8},"end":{"line":91,"column":99}},"type":"binary-expr","locations":[{"start":{"line":91,"column":8},"end":{"line":91,"column":30}},{"start":{"line":91,"column":34},"end":{"line":91,"column":99}}],"line":91},"11":{"loc":{"start":{"line":91,"column":58},"end":{"line":91,"column":98}},"type":"binary-expr","locations":[{"start":{"line":91,"column":58},"end":{"line":91,"column":76}},{"start":{"line":91,"column":80},"end":{"line":91,"column":98}}],"line":91},"12":{"loc":{"start":{"line":92,"column":4},"end":{"line":92,"column":121}},"type":"if","locations":[{"start":{"line":92,"column":4},"end":{"line":92,"column":121}},{"start":{},"end":{}}],"line":92},"13":{"loc":{"start":{"line":92,"column":8},"end":{"line":92,"column":106}},"type":"binary-expr","locations":[{"start":{"line":92,"column":8},"end":{"line":92,"column":30}},{"start":{"line":92,"column":34},"end":{"line":92,"column":106}}],"line":92},"14":{"loc":{"start":{"line":92,"column":58},"end":{"line":92,"column":105}},"type":"binary-expr","locations":[{"start":{"line":92,"column":58},"end":{"line":92,"column":82}},{"start":{"line":92,"column":86},"end":{"line":92,"column":105}}],"line":92}},"s":{"0":0,"1":0,"2":0,"3":0,"4":0,"5":0,"6":0,"7":0,"8":0,"9":0,"10":0,"11":0,"12":0,"13":0,"14":0,"15":0,"16":0,"17":0,"18":0,"19":0,"20":0,"21":0},"f":{"0":0,"1":0,"2":0,"3":0,"4":0,"5":0,"6":0,"7":0},"b":{"0":[0,0],"1":[0,0],"2":[0,0],"3":[0,0],"4":[0,0],"5":[0,0,0],"6":[0,0],"7":[0,0],"8":[0,0,0],"9":[0,0],"10":[0,0],"11":[0,0],"12":[0,0],"13":[0,0],"14":[0,0]}}
,"C:\\Users\\Yusuf\\Desktop\\HedefimBugun\\src\\utils\\syncQueue.ts": {"path":"C:\\Users\\Yusuf\\Desktop\\HedefimBugun\\src\\utils\\syncQueue.ts","statementMap":{"0":{"start":{"line":5,"column":18},"end":{"line":5,"column":41}},"1":{"start":{"line":17,"column":25},"end":{"line":91,"column":1}},"2":{"start":{"line":20,"column":6},"end":{"line":25,"column":9}},"3":{"start":{"line":21,"column":10},"end":{"line":24,"column":11}},"4":{"start":{"line":22,"column":14},"end":{"line":22,"column":77}},"5":{"start":{"line":23,"column":14},"end":{"line":23,"column":32}},"6":{"start":{"line":29,"column":4},"end":{"line":49,"column":5}},"7":{"start":{"line":30,"column":33},"end":{"line":35,"column":7}},"8":{"start":{"line":37,"column":27},"end":{"line":37,"column":53}},"9":{"start":{"line":38,"column":6},"end":{"line":38,"column":33}},"10":{"start":{"line":40,"column":6},"end":{"line":40,"column":74}},"11":{"start":{"line":41,"column":6},"end":{"line":41,"column":73}},"12":{"start":{"line":44,"column":6},"end":{"line":46,"column":7}},"13":{"start":{"line":45,"column":10},"end":{"line":45,"column":28}},"14":{"start":{"line":48,"column":6},"end":{"line":48,"column":52}},"15":{"start":{"line":53,"column":4},"end":{"line":58,"column":5}},"16":{"start":{"line":54,"column":19},"end":{"line":54,"column":56}},"17":{"start":{"line":55,"column":6},"end":{"line":55,"column":42}},"18":{"start":{"line":57,"column":6},"end":{"line":57,"column":16}},"19":{"start":{"line":62,"column":4},"end":{"line":65,"column":5}},"20":{"start":{"line":63,"column":8},"end":{"line":63,"column":60}},"21":{"start":{"line":64,"column":8},"end":{"line":64,"column":15}},"22":{"start":{"line":67,"column":18},"end":{"line":67,"column":44}},"23":{"start":{"line":68,"column":4},"end":{"line":68,"column":35}},"24":{"start":{"line":68,"column":28},"end":{"line":68,"column":35}},"25":{"start":{"line":70,"column":4},"end":{"line":70,"column":65}},"26":{"start":{"line":72,"column":40},"end":{"line":72,"column":42}},"27":{"start":{"line":74,"column":4},"end":{"line":87,"column":5}},"28":{"start":{"line":75,"column":8},"end":{"line":86,"column":9}},"29":{"start":{"line":76,"column":12},"end":{"line":76,"column":36}},"30":{"start":{"line":77,"column":12},"end":{"line":77,"column":66}},"31":{"start":{"line":79,"column":12},"end":{"line":79,"column":77}},"32":{"start":{"line":80,"column":12},"end":{"line":80,"column":30}},"33":{"start":{"line":81,"column":12},"end":{"line":85,"column":13}},"34":{"start":{"line":82,"column":16},"end":{"line":82,"column":42}},"35":{"start":{"line":84,"column":16},"end":{"line":84,"column":86}},"36":{"start":{"line":89,"column":4},"end":{"line":89,"column":74}},"37":{"start":{"line":94,"column":20},"end":{"line":103,"column":1}},"38":{"start":{"line":96,"column":4},"end":{"line":96,"column":59}},"39":{"start":{"line":96,"column":33},"end":{"line":96,"column":57}},"40":{"start":{"line":99,"column":4},"end":{"line":99,"column":63}},"41":{"start":{"line":99,"column":29},"end":{"line":99,"column":63}},"42":{"start":{"line":102,"column":4},"end":{"line":102,"column":16}}},"fnMap":{"0":{"name":"(anonymous_0)","decl":{"start":{"line":18,"column":8},"end":{"line":18,"column":9}},"loc":{"start":{"line":18,"column":14},"end":{"line":26,"column":3}},"line":18},"1":{"name":"(anonymous_1)","decl":{"start":{"line":20,"column":33},"end":{"line":20,"column":34}},"loc":{"start":{"line":20,"column":47},"end":{"line":25,"column":7}},"line":20},"2":{"name":"(anonymous_2)","decl":{"start":{"line":28,"column":11},"end":{"line":28,"column":12}},"loc":{"start":{"line":28,"column":79},"end":{"line":50,"column":3}},"line":28},"3":{"name":"(anonymous_3)","decl":{"start":{"line":52,"column":12},"end":{"line":52,"column":13}},"loc":{"start":{"line":52,"column":46},"end":{"line":59,"column":3}},"line":52},"4":{"name":"(anonymous_4)","decl":{"start":{"line":61,"column":9},"end":{"line":61,"column":10}},"loc":{"start":{"line":61,"column":21},"end":{"line":90,"column":3}},"line":61},"5":{"name":"(anonymous_5)","decl":{"start":{"line":94,"column":20},"end":{"line":94,"column":21}},"loc":{"start":{"line":94,"column":47},"end":{"line":103,"column":1}},"line":94},"6":{"name":"(anonymous_6)","decl":{"start":{"line":96,"column":22},"end":{"line":96,"column":23}},"loc":{"start":{"line":96,"column":33},"end":{"line":96,"column":57}},"line":96}},"branchMap":{"0":{"loc":{"start":{"line":21,"column":10},"end":{"line":24,"column":11}},"type":"if","locations":[{"start":{"line":21,"column":10},"end":{"line":24,"column":11}},{"start":{},"end":{}}],"line":21},"1":{"loc":{"start":{"line":44,"column":6},"end":{"line":46,"column":7}},"type":"if","locations":[{"start":{"line":44,"column":6},"end":{"line":46,"column":7}},{"start":{},"end":{}}],"line":44},"2":{"loc":{"start":{"line":55,"column":13},"end":{"line":55,"column":41}},"type":"cond-expr","locations":[{"start":{"line":55,"column":20},"end":{"line":55,"column":36}},{"start":{"line":55,"column":39},"end":{"line":55,"column":41}}],"line":55},"3":{"loc":{"start":{"line":62,"column":4},"end":{"line":65,"column":5}},"type":"if","locations":[{"start":{"line":62,"column":4},"end":{"line":65,"column":5}},{"start":{},"end":{}}],"line":62},"4":{"loc":{"start":{"line":68,"column":4},"end":{"line":68,"column":35}},"type":"if","locations":[{"start":{"line":68,"column":4},"end":{"line":68,"column":35}},{"start":{},"end":{}}],"line":68},"5":{"loc":{"start":{"line":81,"column":12},"end":{"line":85,"column":13}},"type":"if","locations":[{"start":{"line":81,"column":12},"end":{"line":85,"column":13}},{"start":{"line":83,"column":19},"end":{"line":85,"column":13}}],"line":81},"6":{"loc":{"start":{"line":99,"column":4},"end":{"line":99,"column":63}},"type":"if","locations":[{"start":{"line":99,"column":4},"end":{"line":99,"column":63}},{"start":{},"end":{}}],"line":99}},"s":{"0":0,"1":0,"2":0,"3":0,"4":0,"5":0,"6":0,"7":0,"8":0,"9":0,"10":0,"11":0,"12":0,"13":0,"14":0,"15":0,"16":0,"17":0,"18":0,"19":0,"20":0,"21":0,"22":0,"23":0,"24":0,"25":0,"26":0,"27":0,"28":0,"29":0,"30":0,"31":0,"32":0,"33":0,"34":0,"35":0,"36":0,"37":0,"38":0,"39":0,"40":0,"41":0,"42":0},"f":{"0":0,"1":0,"2":0,"3":0,"4":0,"5":0,"6":0},"b":{"0":[0,0],"1":[0,0],"2":[0,0],"3":[0,0],"4":[0,0],"5":[0,0],"6":[0,0]}}
}
